дек. 23, 2025 2:07:12 AM BattleShip.client.utils.LoggerClient lambda$info$0
INFO: CONNECTED:b3f0dd7f
дек. 23, 2025 2:07:12 AM BattleShip.client.utils.LoggerClient lambda$info$0
INFO: REGISTERED:q
дек. 23, 2025 2:07:12 AM BattleShip.client.utils.LoggerClient lambda$info$0
INFO: GAME_LIST:
дек. 23, 2025 2:07:17 AM BattleShip.client.utils.LoggerClient lambda$info$0
INFO: GAME_CREATED:1111
дек. 23, 2025 2:07:17 AM BattleShip.client.utils.LoggerClient lambda$info$0
INFO: GAME_LIST:1111:q:1:WAITING
дек. 23, 2025 2:07:42 AM BattleShip.client.utils.LoggerClient lambda$info$0
INFO: PLAYER_JOINED:w
дек. 23, 2025 2:07:42 AM BattleShip.client.utils.LoggerClient lambda$info$0
INFO: GAME_LIST:1111:q:2:PLACING_SHIPS
дек. 23, 2025 2:07:48 AM BattleShip.client.utils.LoggerClient lambda$info$0
INFO: SHIPS_ACCEPTED
дек. 23, 2025 2:07:48 AM BattleShip.client.utils.LoggerClient lambda$info$0
INFO: WAITING_FOR_OPPONENT
дек. 23, 2025 2:07:51 AM BattleShip.client.utils.LoggerClient lambda$info$0
INFO: OPPONENT_PLACING_SHIPS
дек. 23, 2025 2:07:51 AM BattleShip.client.utils.LoggerClient lambda$info$0
INFO: ALL_SHIPS_PLACED
дек. 23, 2025 2:07:54 AM BattleShip.client.utils.LoggerClient lambda$info$0
INFO: GAME_START:YOUR_TURN:w
дек. 23, 2025 2:08:05 AM BattleShip.client.utils.LoggerClient lambda$info$0
INFO: SHOT_RESULT:q:HIT:0:0
дек. 23, 2025 2:08:06 AM BattleShip.client.utils.LoggerClient lambda$info$0
INFO: SHOT_RESULT:q:HIT:3:0
дек. 23, 2025 2:08:08 AM BattleShip.client.utils.LoggerClient lambda$info$0
INFO: SHOT_RESULT:q:HIT:5:0
дек. 23, 2025 2:08:08 AM BattleShip.client.utils.LoggerClient lambda$info$0
INFO: SHOT_RESULT:q:HIT:5:1
дек. 23, 2025 2:08:09 AM BattleShip.client.utils.LoggerClient lambda$info$0
INFO: SHOT_RESULT:q:HIT:5:2
дек. 23, 2025 2:08:09 AM BattleShip.client.utils.LoggerClient lambda$info$0
INFO: SHOT_RESULT:q:HIT:7:0
дек. 23, 2025 2:08:10 AM BattleShip.client.utils.LoggerClient lambda$info$0
INFO: SHOT_RESULT:q:HIT:8:0
дек. 23, 2025 2:08:10 AM BattleShip.client.utils.LoggerClient lambda$info$0
INFO: SHOT_RESULT:q:HIT:9:0
дек. 23, 2025 2:08:11 AM BattleShip.client.utils.LoggerClient lambda$info$0
INFO: SHOT_RESULT:q:HIT:3:2
дек. 23, 2025 2:08:13 AM BattleShip.client.utils.LoggerClient lambda$info$0
INFO: SHOT_RESULT:q:HIT:1:2
дек. 23, 2025 2:08:13 AM BattleShip.client.utils.LoggerClient lambda$info$0
INFO: SHOT_RESULT:q:HIT:1:3
дек. 23, 2025 2:08:15 AM BattleShip.client.utils.LoggerClient lambda$info$0
INFO: SHOT_RESULT:q:HIT:4:4
дек. 23, 2025 2:08:15 AM BattleShip.client.utils.LoggerClient lambda$info$0
INFO: SHOT_RESULT:q:HIT:5:4
дек. 23, 2025 2:08:16 AM BattleShip.client.utils.LoggerClient lambda$info$0
INFO: SHOT_RESULT:q:HIT:6:4
дек. 23, 2025 2:08:16 AM BattleShip.client.utils.LoggerClient lambda$info$0
INFO: SHOT_RESULT:q:HIT:7:4
дек. 23, 2025 2:08:17 AM BattleShip.client.utils.LoggerClient lambda$info$0
INFO: SHOT_RESULT:q:HIT:9:3
дек. 23, 2025 2:08:19 AM BattleShip.client.utils.LoggerClient lambda$info$0
INFO: SHOT_RESULT:q:HIT:7:7
дек. 23, 2025 2:08:20 AM BattleShip.client.utils.LoggerClient lambda$info$0
INFO: SHOT_RESULT:q:HIT:7:8
дек. 23, 2025 2:08:21 AM BattleShip.client.utils.LoggerClient lambda$info$0
INFO: SHOT_RESULT:q:HIT:5:8
дек. 23, 2025 2:08:21 AM BattleShip.client.utils.LoggerClient lambda$info$0
INFO: SHOT_RESULT:q:HIT:5:9
дек. 23, 2025 2:08:21 AM BattleShip.client.utils.LoggerClient lambda$info$0
INFO: GAME_OVER:q,false
дек. 23, 2025 2:08:30 AM BattleShip.client.utils.LoggerClient lambda$info$0
INFO: GAME_LIST:1111:q:2:PLACING_SHIPS
дек. 23, 2025 2:08:32 AM BattleShip.client.utils.LoggerClient lambda$info$0
INFO: GAME_STATUS:WAITING
дек. 23, 2025 2:08:32 AM BattleShip.client.utils.LoggerClient lambda$info$0
INFO: GAME_LIST:1111:q:1:WAITING
дек. 23, 2025 2:08:34 AM BattleShip.client.utils.LoggerClient lambda$info$0
INFO: PLAYER_JOINED:w
дек. 23, 2025 2:08:34 AM BattleShip.client.utils.LoggerClient lambda$info$0
INFO: GAME_LIST:1111:q:2:PLACING_SHIPS
дек. 23, 2025 2:08:38 AM BattleShip.client.utils.LoggerClient lambda$info$0
INFO: OPPONENT_PLACING_SHIPS
дек. 23, 2025 2:08:42 AM BattleShip.client.utils.LoggerClient lambda$info$0
INFO: SHIPS_ACCEPTED
дек. 23, 2025 2:08:42 AM BattleShip.client.utils.LoggerClient lambda$info$0
INFO: ALL_SHIPS_PLACED
дек. 23, 2025 2:08:44 AM BattleShip.client.utils.LoggerClient lambda$info$0
INFO: GAME_START:YOUR_TURN:w
дек. 23, 2025 2:08:48 AM BattleShip.client.utils.LoggerClient lambda$info$0
INFO: GAME_OVER:q,true
дек. 23, 2025 2:08:54 AM BattleShip.client.utils.LoggerClient lambda$info$0
INFO: LEFT_GAME
дек. 23, 2025 2:08:54 AM BattleShip.client.utils.LoggerClient lambda$info$0
INFO: GAME_LIST:
дек. 23, 2025 2:09:10 AM BattleShip.client.utils.LoggerClient lambda$info$0
INFO: GAME_CREATED:AI
дек. 23, 2025 2:09:13 AM BattleShip.client.utils.LoggerClient lambda$info$0
INFO: SHIPS_ACCEPTED
дек. 23, 2025 2:09:13 AM BattleShip.client.utils.LoggerClient lambda$info$0
INFO: ALL_SHIPS_PLACED
дек. 23, 2025 2:09:13 AM BattleShip.client.utils.LoggerClient lambda$info$0
INFO: GAME_START:YOUR_TURN:COMPUTER
дек. 23, 2025 2:09:14 AM BattleShip.client.utils.LoggerClient lambda$info$0
INFO: SHOT_RESULT:q:MISS:4:5
дек. 23, 2025 2:09:14 AM BattleShip.client.utils.LoggerClient lambda$info$0
INFO: TURN:COMPUTER
дек. 23, 2025 2:09:15 AM BattleShip.client.utils.LoggerClient lambda$info$0
INFO: SHOT_RESULT:COMPUTER:MISS:7:8
дек. 23, 2025 2:09:15 AM BattleShip.client.utils.LoggerClient lambda$info$0
INFO: TURN:q
дек. 23, 2025 2:09:16 AM BattleShip.client.utils.LoggerClient lambda$info$0
INFO: SHOT_RESULT:q:MISS:4:2
дек. 23, 2025 2:09:16 AM BattleShip.client.utils.LoggerClient lambda$info$0
INFO: TURN:COMPUTER
дек. 23, 2025 2:09:17 AM BattleShip.client.utils.LoggerClient lambda$info$0
INFO: SHOT_RESULT:COMPUTER:HIT:2:9
дек. 23, 2025 2:09:18 AM BattleShip.client.utils.LoggerClient lambda$info$0
INFO: SHOT_RESULT:COMPUTER:MISS:6:5
дек. 23, 2025 2:09:18 AM BattleShip.client.utils.LoggerClient lambda$info$0
INFO: TURN:q
дек. 23, 2025 2:09:19 AM BattleShip.client.utils.LoggerClient lambda$info$0
INFO: SHOT_RESULT:q:MISS:7:5
дек. 23, 2025 2:09:19 AM BattleShip.client.utils.LoggerClient lambda$info$0
INFO: TURN:COMPUTER
дек. 23, 2025 2:09:20 AM BattleShip.client.utils.LoggerClient lambda$info$0
INFO: SHOT_RESULT:COMPUTER:MISS:4:8
дек. 23, 2025 2:09:20 AM BattleShip.client.utils.LoggerClient lambda$info$0
INFO: TURN:q
дек. 23, 2025 2:09:21 AM BattleShip.client.utils.LoggerClient lambda$info$0
INFO: SHOT_RESULT:q:MISS:1:3
дек. 23, 2025 2:09:21 AM BattleShip.client.utils.LoggerClient lambda$info$0
INFO: TURN:COMPUTER
дек. 23, 2025 2:09:22 AM BattleShip.client.utils.LoggerClient lambda$info$0
INFO: SHOT_RESULT:COMPUTER:HIT:3:9
дек. 23, 2025 2:09:23 AM BattleShip.client.utils.LoggerClient lambda$info$0
INFO: SHOT_RESULT:COMPUTER:MISS:5:8
дек. 23, 2025 2:09:23 AM BattleShip.client.utils.LoggerClient lambda$info$0
INFO: TURN:q
дек. 23, 2025 2:09:25 AM BattleShip.client.utils.LoggerClient lambda$info$0
INFO: SHOT_RESULT:q:HIT:6:1
дек. 23, 2025 2:09:26 AM BattleShip.client.utils.LoggerClient lambda$info$0
INFO: SHOT_RESULT:q:MISS:6:2
дек. 23, 2025 2:09:26 AM BattleShip.client.utils.LoggerClient lambda$info$0
INFO: TURN:COMPUTER
дек. 23, 2025 2:09:27 AM BattleShip.client.utils.LoggerClient lambda$info$0
INFO: SHOT_RESULT:COMPUTER:HIT:4:1
дек. 23, 2025 2:09:28 AM BattleShip.client.utils.LoggerClient lambda$info$0
INFO: SHOT_RESULT:COMPUTER:MISS:8:7
дек. 23, 2025 2:09:28 AM BattleShip.client.utils.LoggerClient lambda$info$0
INFO: TURN:q
дек. 23, 2025 2:09:31 AM BattleShip.client.utils.LoggerClient lambda$info$0
INFO: GAME_OVER:COMPUTER,true
дек. 23, 2025 2:09:33 AM BattleShip.client.utils.LoggerClient lambda$info$0
INFO: GAME_LIST:
дек. 23, 2025 2:09:35 AM BattleShip.client.utils.LoggerClient lambda$info$0
INFO: SHIPS_ACCEPTED
дек. 23, 2025 2:09:35 AM BattleShip.client.utils.LoggerClient lambda$info$0
INFO: ALL_SHIPS_PLACED
дек. 23, 2025 2:09:36 AM BattleShip.client.utils.LoggerClient lambda$info$0
INFO: GAME_START:YOUR_TURN:COMPUTER
дек. 23, 2025 2:09:37 AM BattleShip.client.utils.LoggerClient lambda$info$0
INFO: SHOT_RESULT:q:MISS:4:6
дек. 23, 2025 2:09:37 AM BattleShip.client.utils.LoggerClient lambda$info$0
INFO: TURN:COMPUTER
дек. 23, 2025 2:09:38 AM BattleShip.client.utils.LoggerClient lambda$info$0
INFO: SHOT_RESULT:COMPUTER:MISS:8:4
дек. 23, 2025 2:09:38 AM BattleShip.client.utils.LoggerClient lambda$info$0
INFO: TURN:q
дек. 23, 2025 2:09:39 AM BattleShip.client.utils.LoggerClient lambda$info$0
INFO: SHOT_RESULT:q:MISS:6:2
дек. 23, 2025 2:09:39 AM BattleShip.client.utils.LoggerClient lambda$info$0
INFO: TURN:COMPUTER
дек. 23, 2025 2:09:40 AM BattleShip.client.utils.LoggerClient lambda$info$0
INFO: SHOT_RESULT:COMPUTER:HIT:1:7
дек. 23, 2025 2:09:41 AM BattleShip.client.utils.LoggerClient lambda$info$0
INFO: SHOT_RESULT:COMPUTER:MISS:2:7
дек. 23, 2025 2:09:41 AM BattleShip.client.utils.LoggerClient lambda$info$0
INFO: TURN:q
дек. 23, 2025 2:09:41 AM BattleShip.client.utils.LoggerClient lambda$info$0
INFO: SHOT_RESULT:q:MISS:8:5
дек. 23, 2025 2:09:41 AM BattleShip.client.utils.LoggerClient lambda$info$0
INFO: TURN:COMPUTER
дек. 23, 2025 2:09:42 AM BattleShip.client.utils.LoggerClient lambda$info$0
INFO: SHOT_RESULT:COMPUTER:MISS:3:8
дек. 23, 2025 2:09:42 AM BattleShip.client.utils.LoggerClient lambda$info$0
INFO: TURN:q
дек. 23, 2025 2:09:43 AM BattleShip.client.utils.LoggerClient lambda$info$0
INFO: SHOT_RESULT:q:MISS:2:2
дек. 23, 2025 2:09:43 AM BattleShip.client.utils.LoggerClient lambda$info$0
INFO: TURN:COMPUTER
дек. 23, 2025 2:09:44 AM BattleShip.client.utils.LoggerClient lambda$info$0
INFO: SHOT_RESULT:COMPUTER:MISS:5:7
дек. 23, 2025 2:09:44 AM BattleShip.client.utils.LoggerClient lambda$info$0
INFO: TURN:q
дек. 23, 2025 2:09:46 AM BattleShip.client.utils.LoggerClient lambda$info$0
INFO: SHOT_RESULT:q:MISS:7:0
дек. 23, 2025 2:09:46 AM BattleShip.client.utils.LoggerClient lambda$info$0
INFO: TURN:COMPUTER
дек. 23, 2025 2:09:47 AM BattleShip.client.utils.LoggerClient lambda$info$0
INFO: SHOT_RESULT:COMPUTER:MISS:9:5
дек. 23, 2025 2:09:47 AM BattleShip.client.utils.LoggerClient lambda$info$0
INFO: TURN:q
дек. 23, 2025 2:09:49 AM BattleShip.client.utils.LoggerClient lambda$info$0
INFO: SHOT_RESULT:q:MISS:7:6
дек. 23, 2025 2:09:49 AM BattleShip.client.utils.LoggerClient lambda$info$0
INFO: TURN:COMPUTER
дек. 23, 2025 2:09:50 AM BattleShip.client.utils.LoggerClient lambda$info$0
INFO: SHOT_RESULT:COMPUTER:MISS:3:6
дек. 23, 2025 2:09:50 AM BattleShip.client.utils.LoggerClient lambda$info$0
INFO: TURN:q
дек. 23, 2025 2:09:51 AM BattleShip.client.utils.LoggerClient lambda$info$0
INFO: SHOT_RESULT:q:MISS:4:4
дек. 23, 2025 2:09:51 AM BattleShip.client.utils.LoggerClient lambda$info$0
INFO: TURN:COMPUTER
дек. 23, 2025 2:09:52 AM BattleShip.client.utils.LoggerClient lambda$info$0
INFO: SHOT_RESULT:COMPUTER:MISS:5:5
дек. 23, 2025 2:09:52 AM BattleShip.client.utils.LoggerClient lambda$info$0
INFO: TURN:q
дек. 23, 2025 2:09:54 AM BattleShip.client.utils.LoggerClient lambda$info$0
INFO: GAME_OVER:COMPUTER,true
дек. 23, 2025 2:09:57 AM BattleShip.client.utils.LoggerClient lambda$info$0
INFO: LEFT_GAME
дек. 23, 2025 2:10:30 AM BattleShip.client.utils.LoggerClient lambda$info$0
INFO: CONNECTED:1745490a
дек. 23, 2025 2:10:30 AM BattleShip.client.utils.LoggerClient lambda$info$0
INFO: REGISTERED:q
дек. 23, 2025 2:10:30 AM BattleShip.client.utils.LoggerClient lambda$info$0
INFO: GAME_LIST:
дек. 23, 2025 2:10:33 AM BattleShip.client.utils.LoggerClient lambda$info$0
INFO: GAME_CREATED:AI
дек. 23, 2025 2:10:37 AM BattleShip.client.utils.LoggerClient lambda$info$0
INFO: SHIPS_ACCEPTED
дек. 23, 2025 2:10:37 AM BattleShip.client.utils.LoggerClient lambda$info$0
INFO: ALL_SHIPS_PLACED
дек. 23, 2025 2:10:37 AM BattleShip.client.utils.LoggerClient lambda$info$0
INFO: GAME_START:YOUR_TURN:COMPUTER
дек. 23, 2025 2:10:41 AM BattleShip.client.utils.LoggerClient lambda$info$0
INFO: SHOT_RESULT:q:MISS:4:6
дек. 23, 2025 2:10:41 AM BattleShip.client.utils.LoggerClient lambda$info$0
INFO: TURN:COMPUTER
дек. 23, 2025 2:10:42 AM BattleShip.client.utils.LoggerClient lambda$info$0
INFO: SHOT_RESULT:COMPUTER:MISS:1:9
дек. 23, 2025 2:10:42 AM BattleShip.client.utils.LoggerClient lambda$info$0
INFO: TURN:q
дек. 23, 2025 2:10:42 AM BattleShip.client.utils.LoggerClient lambda$info$0
INFO: SHOT_RESULT:q:MISS:4:3
дек. 23, 2025 2:10:42 AM BattleShip.client.utils.LoggerClient lambda$info$0
INFO: TURN:COMPUTER
дек. 23, 2025 2:10:43 AM BattleShip.client.utils.LoggerClient lambda$info$0
INFO: SHOT_RESULT:COMPUTER:MISS:4:6
дек. 23, 2025 2:10:43 AM BattleShip.client.utils.LoggerClient lambda$info$0
INFO: TURN:q
дек. 23, 2025 2:10:46 AM BattleShip.client.utils.LoggerClient lambda$info$0
INFO: SERVER_CLOSED
дек. 23, 2025 2:11:04 AM BattleShip.client.utils.LoggerClient lambda$info$0
INFO: CONNECTED:03ac1441
дек. 23, 2025 2:11:04 AM BattleShip.client.utils.LoggerClient lambda$info$0
INFO: REGISTERED:q
дек. 23, 2025 2:11:04 AM BattleShip.client.utils.LoggerClient lambda$info$0
INFO: GAME_LIST:
дек. 23, 2025 3:58:24 AM BattleShip.client.utils.LoggerClient lambda$info$0
INFO: CONNECTED:8af20cd7
дек. 23, 2025 3:58:24 AM BattleShip.client.utils.LoggerClient lambda$info$0
INFO: REGISTERED:q
дек. 23, 2025 3:58:24 AM BattleShip.client.utils.LoggerClient lambda$info$0
INFO: GAME_LIST:
дек. 23, 2025 3:58:40 AM BattleShip.client.utils.LoggerClient lambda$info$0
INFO: GAME_CREATED:1111
дек. 23, 2025 3:58:40 AM BattleShip.client.utils.LoggerClient lambda$info$0
INFO: GAME_LIST:1111:q:1:WAITING
дек. 23, 2025 3:58:44 AM BattleShip.client.utils.LoggerClient lambda$info$0
INFO: SHIPS_ACCEPTED
дек. 23, 2025 3:58:44 AM BattleShip.client.utils.LoggerClient lambda$info$0
INFO: WAITING_FOR_OPPONENT
дек. 23, 2025 3:58:46 AM BattleShip.client.utils.LoggerClient lambda$info$0
INFO: PLAYER_JOINED:w
дек. 23, 2025 3:58:47 AM BattleShip.client.utils.LoggerClient lambda$info$0
INFO: GAME_LIST:1111:q:2:PLACING_SHIPS
дек. 23, 2025 3:58:50 AM BattleShip.client.utils.LoggerClient lambda$info$0
INFO: OPPONENT_PLACING_SHIPS
дек. 23, 2025 3:58:50 AM BattleShip.client.utils.LoggerClient lambda$info$0
INFO: ALL_SHIPS_PLACED
дек. 23, 2025 3:58:58 AM BattleShip.client.utils.LoggerClient lambda$info$0
INFO: GAME_START:YOUR_TURN:w
дек. 23, 2025 3:59:08 AM BattleShip.client.utils.LoggerClient lambda$info$0
INFO: SHOT_RESULT:q:HIT:1:1
дек. 23, 2025 3:59:11 AM BattleShip.client.utils.LoggerClient lambda$info$0
INFO: SHOT_RESULT:q:HIT:6:0
дек. 23, 2025 3:59:12 AM BattleShip.client.utils.LoggerClient lambda$info$0
INFO: SHOT_RESULT:q:HIT:6:2
дек. 23, 2025 3:59:12 AM BattleShip.client.utils.LoggerClient lambda$info$0
INFO: SHOT_RESULT:q:HIT:5:2
дек. 23, 2025 3:59:12 AM BattleShip.client.utils.LoggerClient lambda$info$0
INFO: SHOT_RESULT:q:HIT:4:2
дек. 23, 2025 3:59:14 AM BattleShip.client.utils.LoggerClient lambda$info$0
INFO: SHOT_RESULT:q:HIT:5:4
дек. 23, 2025 3:59:14 AM BattleShip.client.utils.LoggerClient lambda$info$0
INFO: SHOT_RESULT:q:HIT:6:4
дек. 23, 2025 3:59:15 AM BattleShip.client.utils.LoggerClient lambda$info$0
INFO: SHOT_RESULT:q:HIT:7:4
дек. 23, 2025 3:59:16 AM BattleShip.client.utils.LoggerClient lambda$info$0
INFO: SHOT_RESULT:q:HIT:9:4
дек. 23, 2025 3:59:16 AM BattleShip.client.utils.LoggerClient lambda$info$0
INFO: SHOT_RESULT:q:HIT:9:3
дек. 23, 2025 3:59:17 AM BattleShip.client.utils.LoggerClient lambda$info$0
INFO: SHOT_RESULT:q:HIT:9:5
дек. 23, 2025 3:59:17 AM BattleShip.client.utils.LoggerClient lambda$info$0
INFO: SHOT_RESULT:q:HIT:9:6
дек. 23, 2025 3:59:18 AM BattleShip.client.utils.LoggerClient lambda$info$0
INFO: SHOT_RESULT:q:HIT:7:6
дек. 23, 2025 3:59:19 AM BattleShip.client.utils.LoggerClient lambda$info$0
INFO: SHOT_RESULT:q:HIT:3:4
дек. 23, 2025 3:59:20 AM BattleShip.client.utils.LoggerClient lambda$info$0
INFO: SHOT_RESULT:q:HIT:2:4
дек. 23, 2025 3:59:23 AM BattleShip.client.utils.LoggerClient lambda$info$0
INFO: SHOT_RESULT:q:HIT:4:9
дек. 23, 2025 3:59:24 AM BattleShip.client.utils.LoggerClient lambda$info$0
INFO: SHOT_RESULT:q:HIT:7:9
дек. 23, 2025 3:59:24 AM BattleShip.client.utils.LoggerClient lambda$info$0
INFO: SHOT_RESULT:q:HIT:8:9
дек. 23, 2025 3:59:28 AM BattleShip.client.utils.LoggerClient lambda$info$0
INFO: SHOT_RESULT:q:MISS:2:8
дек. 23, 2025 3:59:28 AM BattleShip.client.utils.LoggerClient lambda$info$0
INFO: TURN:w
дек. 23, 2025 3:59:30 AM BattleShip.client.utils.LoggerClient lambda$info$0
INFO: SHOT_RESULT:w:MISS:1:3
дек. 23, 2025 3:59:30 AM BattleShip.client.utils.LoggerClient lambda$info$0
INFO: TURN:q
дек. 23, 2025 3:59:33 AM BattleShip.client.utils.LoggerClient lambda$info$0
INFO: SHOT_RESULT:q:HIT:1:8
дек. 23, 2025 3:59:33 AM BattleShip.client.utils.LoggerClient lambda$info$0
INFO: SHOT_RESULT:q:HIT:0:8
дек. 23, 2025 3:59:33 AM BattleShip.client.utils.LoggerClient lambda$info$0
INFO: GAME_OVER:q,false
дек. 23, 2025 3:59:37 AM BattleShip.client.utils.LoggerClient lambda$info$0
INFO: GAME_LIST:1111:q:2:PLACING_SHIPS
дек. 23, 2025 3:59:40 AM BattleShip.client.utils.LoggerClient lambda$info$0
INFO: GAME_STATUS:WAITING
дек. 23, 2025 3:59:40 AM BattleShip.client.utils.LoggerClient lambda$info$0
INFO: GAME_LIST:1111:q:1:WAITING
дек. 23, 2025 3:59:42 AM BattleShip.client.utils.LoggerClient lambda$info$0
INFO: PLAYER_JOINED:w
дек. 23, 2025 3:59:42 AM BattleShip.client.utils.LoggerClient lambda$info$0
INFO: GAME_LIST:1111:q:2:PLACING_SHIPS
дек. 23, 2025 3:59:47 AM BattleShip.client.utils.LoggerClient lambda$info$0
INFO: SHIPS_ACCEPTED
дек. 23, 2025 3:59:47 AM BattleShip.client.utils.LoggerClient lambda$info$0
INFO: WAITING_FOR_OPPONENT
дек. 23, 2025 3:59:50 AM BattleShip.client.utils.LoggerClient lambda$info$0
INFO: GAME_STATUS:WAITING
дек. 23, 2025 3:59:50 AM BattleShip.client.utils.LoggerClient lambda$info$0
INFO: GAME_LIST:1111:q:1:WAITING
дек. 23, 2025 3:59:53 AM BattleShip.client.utils.LoggerClient lambda$info$0
INFO: LEFT_GAME
дек. 23, 2025 3:59:53 AM BattleShip.client.utils.LoggerClient lambda$info$0
INFO: GAME_LIST:
дек. 23, 2025 3:59:54 AM BattleShip.client.utils.LoggerClient lambda$info$0
INFO: GAME_LIST:
дек. 23, 2025 3:59:59 AM BattleShip.client.utils.LoggerClient lambda$info$0
INFO: GAME_CREATED:1111
дек. 23, 2025 3:59:59 AM BattleShip.client.utils.LoggerClient lambda$info$0
INFO: GAME_LIST:1111:q:1:WAITING
дек. 23, 2025 4:00:02 AM BattleShip.client.utils.LoggerClient lambda$info$0
INFO: SHIPS_ACCEPTED
дек. 23, 2025 4:00:02 AM BattleShip.client.utils.LoggerClient lambda$info$0
INFO: WAITING_FOR_OPPONENT
дек. 23, 2025 4:00:06 AM BattleShip.client.utils.LoggerClient lambda$info$0
INFO: PLAYER_JOINED:w
дек. 23, 2025 4:00:06 AM BattleShip.client.utils.LoggerClient lambda$info$0
INFO: GAME_LIST:1111:q:2:PLACING_SHIPS
дек. 23, 2025 4:00:09 AM BattleShip.client.utils.LoggerClient lambda$info$0
INFO: OPPONENT_PLACING_SHIPS
дек. 23, 2025 4:00:09 AM BattleShip.client.utils.LoggerClient lambda$info$0
INFO: ALL_SHIPS_PLACED
дек. 23, 2025 4:00:12 AM BattleShip.client.utils.LoggerClient lambda$info$0
INFO: GAME_START:YOUR_TURN:w
дек. 23, 2025 4:00:13 AM BattleShip.client.utils.LoggerClient lambda$info$0
INFO: SHOT_RESULT:q:MISS:4:6
дек. 23, 2025 4:00:13 AM BattleShip.client.utils.LoggerClient lambda$info$0
INFO: TURN:w
дек. 23, 2025 4:00:15 AM BattleShip.client.utils.LoggerClient lambda$info$0
INFO: SHOT_RESULT:w:MISS:1:2
дек. 23, 2025 4:00:15 AM BattleShip.client.utils.LoggerClient lambda$info$0
INFO: TURN:q
дек. 23, 2025 4:00:18 AM BattleShip.client.utils.LoggerClient lambda$info$0
INFO: GAME_OVER:w,true
дек. 23, 2025 4:00:24 AM BattleShip.client.utils.LoggerClient lambda$info$0
INFO: LEFT_GAME
дек. 23, 2025 4:00:24 AM BattleShip.client.utils.LoggerClient lambda$info$0
INFO: GAME_LIST:
дек. 23, 2025 4:01:11 AM BattleShip.client.utils.LoggerClient lambda$info$0
INFO: GAME_LIST:1111:w:1:WAITING
дек. 23, 2025 4:01:19 AM BattleShip.client.utils.LoggerClient lambda$info$0
INFO: GAME_LIST:
дек. 23, 2025 4:01:22 AM BattleShip.client.utils.LoggerClient lambda$info$0
INFO: GAME_LIST:1111:w:1:WAITING
дек. 23, 2025 4:01:27 AM BattleShip.client.utils.LoggerClient lambda$info$0
INFO: ERROR:Игра с таким названием уже существует
дек. 23, 2025 4:01:29 AM BattleShip.client.utils.LoggerClient lambda$info$0
INFO: GAME_LIST:1111:w:1:WAITING
дек. 23, 2025 4:01:31 AM BattleShip.client.utils.LoggerClient lambda$info$0
INFO: GAME_JOINED:1111:w
дек. 23, 2025 4:01:31 AM BattleShip.client.utils.LoggerClient lambda$info$0
INFO: GAME_LIST:1111:w:2:PLACING_SHIPS
дек. 23, 2025 4:02:11 AM BattleShip.client.utils.LoggerClient lambda$info$0
INFO: OPPONENT_PLACING_SHIPS
дек. 23, 2025 4:02:14 AM BattleShip.client.utils.LoggerClient lambda$info$0
INFO: SHIPS_ACCEPTED
дек. 23, 2025 4:02:14 AM BattleShip.client.utils.LoggerClient lambda$info$0
INFO: ALL_SHIPS_PLACED
дек. 23, 2025 4:02:16 AM BattleShip.client.utils.LoggerClient lambda$info$0
INFO: GAME_START:OPPONENT_TURN:w
дек. 23, 2025 4:02:25 AM BattleShip.client.utils.LoggerClient lambda$info$0
INFO: SHOT_RESULT:w:MISS:5:3
дек. 23, 2025 4:02:25 AM BattleShip.client.utils.LoggerClient lambda$info$0
INFO: TURN:q
дек. 23, 2025 4:02:27 AM BattleShip.client.utils.LoggerClient lambda$info$0
INFO: SHOT_RESULT:q:HIT:1:1
дек. 23, 2025 4:02:28 AM BattleShip.client.utils.LoggerClient lambda$info$0
INFO: SHOT_RESULT:q:HIT:2:1
дек. 23, 2025 4:02:28 AM BattleShip.client.utils.LoggerClient lambda$info$0
INFO: SHOT_RESULT:q:HIT:3:1
дек. 23, 2025 4:02:28 AM BattleShip.client.utils.LoggerClient lambda$info$0
INFO: SHOT_RESULT:q:HIT:4:1
дек. 23, 2025 4:02:29 AM BattleShip.client.utils.LoggerClient lambda$info$0
INFO: SHOT_RESULT:q:HIT:8:1
дек. 23, 2025 4:02:31 AM BattleShip.client.utils.LoggerClient lambda$info$0
INFO: SHOT_RESULT:q:HIT:7:3
дек. 23, 2025 4:02:31 AM BattleShip.client.utils.LoggerClient lambda$info$0
INFO: SHOT_RESULT:q:HIT:7:4
дек. 23, 2025 4:02:32 AM BattleShip.client.utils.LoggerClient lambda$info$0
INFO: SHOT_RESULT:q:HIT:5:3
дек. 23, 2025 4:02:33 AM BattleShip.client.utils.LoggerClient lambda$info$0
INFO: SHOT_RESULT:q:HIT:5:4
дек. 23, 2025 4:02:34 AM BattleShip.client.utils.LoggerClient lambda$info$0
INFO: SHOT_RESULT:q:HIT:5:5
дек. 23, 2025 4:02:36 AM BattleShip.client.utils.LoggerClient lambda$info$0
INFO: SHOT_RESULT:q:HIT:2:4
дек. 23, 2025 4:02:36 AM BattleShip.client.utils.LoggerClient lambda$info$0
INFO: SHOT_RESULT:q:HIT:1:4
дек. 23, 2025 4:02:37 AM BattleShip.client.utils.LoggerClient lambda$info$0
INFO: SHOT_RESULT:q:HIT:2:6
дек. 23, 2025 4:02:39 AM BattleShip.client.utils.LoggerClient lambda$info$0
INFO: SHOT_RESULT:q:HIT:2:8
дек. 23, 2025 4:02:39 AM BattleShip.client.utils.LoggerClient lambda$info$0
INFO: SHOT_RESULT:q:HIT:1:8
дек. 23, 2025 4:02:39 AM BattleShip.client.utils.LoggerClient lambda$info$0
INFO: SHOT_RESULT:q:HIT:0:8
дек. 23, 2025 4:02:40 AM BattleShip.client.utils.LoggerClient lambda$info$0
INFO: SHOT_RESULT:q:HIT:4:8
дек. 23, 2025 4:02:44 AM BattleShip.client.utils.LoggerClient lambda$info$0
INFO: SHOT_RESULT:q:HIT:7:9
дек. 23, 2025 4:02:45 AM BattleShip.client.utils.LoggerClient lambda$info$0
INFO: SHOT_RESULT:q:HIT:8:7
дек. 23, 2025 4:02:46 AM BattleShip.client.utils.LoggerClient lambda$info$0
INFO: SHOT_RESULT:q:HIT:9:7
дек. 23, 2025 4:02:46 AM BattleShip.client.utils.LoggerClient lambda$info$0
INFO: GAME_OVER:q,false
дек. 23, 2025 4:02:48 AM BattleShip.client.utils.LoggerClient lambda$info$0
INFO: LEFT_GAME
дек. 23, 2025 4:02:48 AM BattleShip.client.utils.LoggerClient lambda$info$0
INFO: GAME_LIST:1111:w:1:WAITING
дек. 23, 2025 4:02:50 AM BattleShip.client.utils.LoggerClient lambda$info$0
INFO: GAME_LIST:
дек. 23, 2025 4:29:39 AM BattleShip.client.utils.LoggerClient lambda$info$0
INFO: CONNECTED:b44b91a9
дек. 23, 2025 4:29:39 AM BattleShip.client.utils.LoggerClient lambda$info$0
INFO: REGISTERED:q
дек. 23, 2025 4:29:39 AM BattleShip.client.utils.LoggerClient lambda$info$0
INFO: GAME_LIST:
дек. 23, 2025 4:29:44 AM BattleShip.client.utils.LoggerClient lambda$info$0
INFO: SERVER_CLOSED
дек. 23, 2025 2:35:54 PM BattleShip.client.utils.LoggerClient lambda$info$0
INFO: CONNECTED:b279827c
дек. 23, 2025 2:35:54 PM BattleShip.client.utils.LoggerClient lambda$info$0
INFO: REGISTERED:q
дек. 23, 2025 2:35:54 PM BattleShip.client.utils.LoggerClient lambda$info$0
INFO: GAME_LIST:
дек. 23, 2025 2:36:04 PM BattleShip.client.utils.LoggerClient lambda$info$0
INFO: GAME_CREATED:Game1
дек. 23, 2025 2:36:04 PM BattleShip.client.utils.LoggerClient lambda$info$0
INFO: GAME_LIST:Game1:q:1:WAITING
дек. 23, 2025 2:36:22 PM BattleShip.client.utils.LoggerClient lambda$info$0
INFO: PLAYER_JOINED:w
дек. 23, 2025 2:36:22 PM BattleShip.client.utils.LoggerClient lambda$info$0
INFO: GAME_LIST:Game1:q:2:PLACING_SHIPS
дек. 23, 2025 2:36:28 PM BattleShip.client.utils.LoggerClient lambda$info$0
INFO: SHIPS_ACCEPTED
дек. 23, 2025 2:36:28 PM BattleShip.client.utils.LoggerClient lambda$info$0
INFO: WAITING_FOR_OPPONENT
дек. 23, 2025 2:36:31 PM BattleShip.client.utils.LoggerClient lambda$info$0
INFO: OPPONENT_PLACING_SHIPS
дек. 23, 2025 2:36:31 PM BattleShip.client.utils.LoggerClient lambda$info$0
INFO: ALL_SHIPS_PLACED
дек. 23, 2025 2:36:34 PM BattleShip.client.utils.LoggerClient lambda$info$0
INFO: GAME_START:YOUR_TURN:w
дек. 23, 2025 2:36:49 PM BattleShip.client.utils.LoggerClient lambda$info$0
INFO: SHOT_RESULT:q:HIT:0:2
дек. 23, 2025 2:36:50 PM BattleShip.client.utils.LoggerClient lambda$info$0
INFO: SHOT_RESULT:q:HIT:0:3
дек. 23, 2025 2:36:51 PM BattleShip.client.utils.LoggerClient lambda$info$0
INFO: SHOT_RESULT:q:HIT:0:4
дек. 23, 2025 2:36:51 PM BattleShip.client.utils.LoggerClient lambda$info$0
INFO: SHOT_RESULT:q:HIT:0:5
дек. 23, 2025 2:36:52 PM BattleShip.client.utils.LoggerClient lambda$info$0
INFO: SHOT_RESULT:q:HIT:2:4
дек. 23, 2025 2:36:52 PM BattleShip.client.utils.LoggerClient lambda$info$0
INFO: SHOT_RESULT:q:HIT:3:4
дек. 23, 2025 2:36:54 PM BattleShip.client.utils.LoggerClient lambda$info$0
INFO: SHOT_RESULT:q:HIT:5:3
дек. 23, 2025 2:36:55 PM BattleShip.client.utils.LoggerClient lambda$info$0
INFO: SHOT_RESULT:q:HIT:5:2
дек. 23, 2025 2:36:55 PM BattleShip.client.utils.LoggerClient lambda$info$0
INFO: SHOT_RESULT:q:HIT:5:1
дек. 23, 2025 2:36:56 PM BattleShip.client.utils.LoggerClient lambda$info$0
INFO: SHOT_RESULT:q:HIT:9:2
дек. 23, 2025 2:36:58 PM BattleShip.client.utils.LoggerClient lambda$info$0
INFO: SHOT_RESULT:q:HIT:5:6
дек. 23, 2025 2:36:58 PM BattleShip.client.utils.LoggerClient lambda$info$0
INFO: SHOT_RESULT:q:HIT:6:6
дек. 23, 2025 2:36:59 PM BattleShip.client.utils.LoggerClient lambda$info$0
INFO: SHOT_RESULT:q:HIT:7:6
дек. 23, 2025 2:37:00 PM BattleShip.client.utils.LoggerClient lambda$info$0
INFO: SHOT_RESULT:q:HIT:5:8
дек. 23, 2025 2:37:00 PM BattleShip.client.utils.LoggerClient lambda$info$0
INFO: SHOT_RESULT:q:HIT:5:9
дек. 23, 2025 2:37:01 PM BattleShip.client.utils.LoggerClient lambda$info$0
INFO: SHOT_RESULT:q:HIT:7:8
дек. 23, 2025 2:37:01 PM BattleShip.client.utils.LoggerClient lambda$info$0
INFO: SHOT_RESULT:q:HIT:7:9
дек. 23, 2025 2:37:04 PM BattleShip.client.utils.LoggerClient lambda$info$0
INFO: SHOT_RESULT:q:HIT:2:7
дек. 23, 2025 2:37:05 PM BattleShip.client.utils.LoggerClient lambda$info$0
INFO: SHOT_RESULT:q:HIT:1:9
дек. 23, 2025 2:37:06 PM BattleShip.client.utils.LoggerClient lambda$info$0
INFO: SHOT_RESULT:q:HIT:9:9
дек. 23, 2025 2:37:06 PM BattleShip.client.utils.LoggerClient lambda$info$0
INFO: GAME_OVER:q,false
дек. 23, 2025 2:37:08 PM BattleShip.client.utils.LoggerClient lambda$info$0
INFO: LEFT_GAME
дек. 23, 2025 2:37:08 PM BattleShip.client.utils.LoggerClient lambda$info$0
INFO: GAME_LIST:
дек. 23, 2025 2:43:41 PM BattleShip.client.utils.LoggerClient lambda$info$0
INFO: CONNECTED:d15c805c
дек. 23, 2025 2:43:41 PM BattleShip.client.utils.LoggerClient lambda$info$0
INFO: REGISTERED:q
дек. 23, 2025 2:43:41 PM BattleShip.client.utils.LoggerClient lambda$info$0
INFO: GAME_LIST:
дек. 23, 2025 2:43:45 PM BattleShip.client.utils.LoggerClient lambda$info$0
INFO: GAME_CREATED:1111
дек. 23, 2025 2:43:45 PM BattleShip.client.utils.LoggerClient lambda$info$0
INFO: GAME_LIST:1111:q:1:WAITING
дек. 23, 2025 2:43:53 PM BattleShip.client.utils.LoggerClient lambda$info$0
INFO: LEFT_GAME
дек. 23, 2025 2:43:53 PM BattleShip.client.utils.LoggerClient lambda$info$0
INFO: GAME_LIST:
дек. 23, 2025 2:43:56 PM BattleShip.client.utils.LoggerClient lambda$info$0
INFO: GAME_CREATED:AI
дек. 23, 2025 2:49:27 PM BattleShip.client.utils.LoggerClient lambda$info$0
INFO: CONNECTED:1c243951
дек. 23, 2025 2:49:27 PM BattleShip.client.utils.LoggerClient lambda$info$0
INFO: REGISTERED:q
дек. 23, 2025 2:49:27 PM BattleShip.client.utils.LoggerClient lambda$info$0
INFO: GAME_LIST:
дек. 23, 2025 2:49:32 PM BattleShip.client.utils.LoggerClient lambda$info$0
INFO: GAME_CREATED:AI
дек. 23, 2025 2:49:57 PM BattleShip.client.utils.LoggerClient lambda$info$0
INFO: LEFT_GAME
дек. 23, 2025 3:36:37 PM BattleShip.client.utils.LoggerClient lambda$info$0
INFO: CONNECTED:ad9a5d98
дек. 23, 2025 3:36:37 PM BattleShip.client.utils.LoggerClient lambda$info$0
INFO: REGISTERED:q
дек. 23, 2025 3:36:37 PM BattleShip.client.utils.LoggerClient lambda$info$0
INFO: GAME_LIST:
дек. 23, 2025 3:36:41 PM BattleShip.client.utils.LoggerClient lambda$info$0
INFO: GAME_CREATED:AI
дек. 23, 2025 3:37:00 PM BattleShip.client.utils.LoggerClient lambda$info$0
INFO: SHIPS_ACCEPTED
дек. 23, 2025 3:37:00 PM BattleShip.client.utils.LoggerClient lambda$info$0
INFO: ALL_SHIPS_PLACED
дек. 23, 2025 3:37:00 PM BattleShip.client.utils.LoggerClient lambda$info$0
INFO: GAME_START:YOUR_TURN:COMPUTER
дек. 23, 2025 3:37:03 PM BattleShip.client.utils.LoggerClient lambda$info$0
INFO: SHOT_RESULT:q:MISS:5:5
дек. 23, 2025 3:37:03 PM BattleShip.client.utils.LoggerClient lambda$info$0
INFO: TURN:COMPUTER
дек. 23, 2025 3:37:04 PM BattleShip.client.utils.LoggerClient lambda$info$0
INFO: SHOT_RESULT:COMPUTER:MISS:5:2
дек. 23, 2025 3:37:04 PM BattleShip.client.utils.LoggerClient lambda$info$0
INFO: TURN:q
дек. 23, 2025 3:37:07 PM BattleShip.client.utils.LoggerClient lambda$info$0
INFO: SHOT_RESULT:q:MISS:3:3
дек. 23, 2025 3:37:07 PM BattleShip.client.utils.LoggerClient lambda$info$0
INFO: TURN:COMPUTER
дек. 23, 2025 3:37:08 PM BattleShip.client.utils.LoggerClient lambda$info$0
INFO: SHOT_RESULT:COMPUTER:MISS:0:5
дек. 23, 2025 3:37:08 PM BattleShip.client.utils.LoggerClient lambda$info$0
INFO: TURN:q
дек. 23, 2025 3:37:10 PM BattleShip.client.utils.LoggerClient lambda$info$0
INFO: GAME_OVER:COMPUTER,true
дек. 23, 2025 3:37:12 PM BattleShip.client.utils.LoggerClient lambda$info$0
INFO: LEFT_GAME
дек. 23, 2025 3:37:25 PM BattleShip.client.utils.LoggerClient lambda$info$0
INFO: GAME_CREATED:1111
дек. 23, 2025 3:37:25 PM BattleShip.client.utils.LoggerClient lambda$info$0
INFO: GAME_LIST:1111:q:1:WAITING
дек. 23, 2025 3:37:30 PM BattleShip.client.utils.LoggerClient lambda$info$0
INFO: PLAYER_JOINED:w
дек. 23, 2025 3:37:30 PM BattleShip.client.utils.LoggerClient lambda$info$0
INFO: GAME_LIST:1111:q:2:PLACING_SHIPS
дек. 23, 2025 3:37:38 PM BattleShip.client.utils.LoggerClient lambda$info$0
INFO: SHIPS_ACCEPTED
дек. 23, 2025 3:37:38 PM BattleShip.client.utils.LoggerClient lambda$info$0
INFO: WAITING_FOR_OPPONENT
дек. 23, 2025 3:37:45 PM BattleShip.client.utils.LoggerClient lambda$info$0
INFO: OPPONENT_PLACING_SHIPS
дек. 23, 2025 3:37:45 PM BattleShip.client.utils.LoggerClient lambda$info$0
INFO: ALL_SHIPS_PLACED
дек. 23, 2025 3:37:48 PM BattleShip.client.utils.LoggerClient lambda$info$0
INFO: GAME_START:YOUR_TURN:w
дек. 23, 2025 3:38:08 PM BattleShip.client.utils.LoggerClient lambda$info$0
INFO: SHOT_RESULT:q:HIT:0:1
дек. 23, 2025 3:38:09 PM BattleShip.client.utils.LoggerClient lambda$info$0
INFO: SHOT_RESULT:q:HIT:0:2
дек. 23, 2025 3:38:10 PM BattleShip.client.utils.LoggerClient lambda$info$0
INFO: SHOT_RESULT:q:HIT:0:3
дек. 23, 2025 3:38:11 PM BattleShip.client.utils.LoggerClient lambda$info$0
INFO: SHOT_RESULT:q:MISS:3:2
дек. 23, 2025 3:38:11 PM BattleShip.client.utils.LoggerClient lambda$info$0
INFO: TURN:w
дек. 23, 2025 3:38:15 PM BattleShip.client.utils.LoggerClient lambda$info$0
INFO: SHOT_RESULT:w:HIT:9:0
дек. 23, 2025 3:38:17 PM BattleShip.client.utils.LoggerClient lambda$info$0
INFO: SHOT_RESULT:w:HIT:0:1
дек. 23, 2025 3:38:17 PM BattleShip.client.utils.LoggerClient lambda$info$0
INFO: SHOT_RESULT:w:HIT:0:2
дек. 23, 2025 3:38:18 PM BattleShip.client.utils.LoggerClient lambda$info$0
INFO: SHOT_RESULT:w:MISS:3:2
дек. 23, 2025 3:38:18 PM BattleShip.client.utils.LoggerClient lambda$info$0
INFO: TURN:q
дек. 23, 2025 3:38:26 PM BattleShip.client.utils.LoggerClient lambda$info$0
INFO: GAME_OVER:w,true
дек. 23, 2025 3:38:27 PM BattleShip.client.utils.LoggerClient lambda$info$0
INFO: GAME_LIST:1111:q:2:PLACING_SHIPS
дек. 23, 2025 3:38:43 PM BattleShip.client.utils.LoggerClient lambda$info$0
INFO: SHIPS_ACCEPTED
дек. 23, 2025 3:38:43 PM BattleShip.client.utils.LoggerClient lambda$info$0
INFO: WAITING_FOR_OPPONENT
дек. 23, 2025 3:38:53 PM BattleShip.client.utils.LoggerClient lambda$info$0
INFO: OPPONENT_PLACING_SHIPS
дек. 23, 2025 3:38:53 PM BattleShip.client.utils.LoggerClient lambda$info$0
INFO: ALL_SHIPS_PLACED
дек. 23, 2025 3:38:55 PM BattleShip.client.utils.LoggerClient lambda$info$0
INFO: GAME_START:YOUR_TURN:w
дек. 23, 2025 3:39:41 PM BattleShip.client.utils.LoggerClient lambda$info$0
INFO: GAME_OVER:q,true
дек. 23, 2025 3:39:42 PM BattleShip.client.utils.LoggerClient lambda$info$0
INFO: GAME_STATUS:WAITING
дек. 23, 2025 3:39:42 PM BattleShip.client.utils.LoggerClient lambda$info$0
INFO: GAME_LIST:1111:q:1:WAITING
дек. 23, 2025 3:39:45 PM BattleShip.client.utils.LoggerClient lambda$info$0
INFO: LEFT_GAME
дек. 23, 2025 3:39:45 PM BattleShip.client.utils.LoggerClient lambda$info$0
INFO: GAME_LIST:
дек. 23, 2025 3:59:24 PM BattleShip.client.utils.LoggerClient lambda$info$0
INFO: CONNECTED:72f5c493
дек. 23, 2025 3:59:24 PM BattleShip.client.utils.LoggerClient lambda$info$0
INFO: REGISTERED:q
дек. 23, 2025 3:59:24 PM BattleShip.client.utils.LoggerClient lambda$info$0
INFO: GAME_LIST:
дек. 23, 2025 3:59:29 PM BattleShip.client.utils.LoggerClient lambda$info$0
INFO: GAME_CREATED:1111
дек. 23, 2025 3:59:29 PM BattleShip.client.utils.LoggerClient lambda$info$0
INFO: GAME_LIST:1111:q:1:WAITING
дек. 23, 2025 3:59:33 PM BattleShip.client.utils.LoggerClient lambda$info$0
INFO: SHIPS_ACCEPTED
дек. 23, 2025 3:59:33 PM BattleShip.client.utils.LoggerClient lambda$info$0
INFO: WAITING_FOR_OPPONENT
дек. 23, 2025 3:59:44 PM BattleShip.client.utils.LoggerClient lambda$info$0
INFO: PLAYER_JOINED:w
дек. 23, 2025 3:59:44 PM BattleShip.client.utils.LoggerClient lambda$info$0
INFO: GAME_LIST:1111:q:2:PLACING_SHIPS
дек. 23, 2025 3:59:48 PM BattleShip.client.utils.LoggerClient lambda$info$0
INFO: OPPONENT_PLACING_SHIPS
дек. 23, 2025 3:59:48 PM BattleShip.client.utils.LoggerClient lambda$info$0
INFO: ALL_SHIPS_PLACED
дек. 23, 2025 3:59:52 PM BattleShip.client.utils.LoggerClient lambda$info$0
INFO: GAME_START:YOUR_TURN:w
дек. 23, 2025 4:00:11 PM BattleShip.client.utils.LoggerClient lambda$info$0
INFO: GAME_OVER:w,true
дек. 23, 2025 4:00:12 PM BattleShip.client.utils.LoggerClient lambda$info$0
INFO: LEFT_GAME
дек. 23, 2025 4:00:12 PM BattleShip.client.utils.LoggerClient lambda$info$0
INFO: GAME_LIST:
дек. 23, 2025 4:04:08 PM BattleShip.client.utils.LoggerClient lambda$info$0
INFO: CONNECTED:393c8513
дек. 23, 2025 4:04:08 PM BattleShip.client.utils.LoggerClient lambda$info$0
INFO: REGISTERED:q
дек. 23, 2025 4:04:08 PM BattleShip.client.utils.LoggerClient lambda$info$0
INFO: GAME_LIST:
дек. 23, 2025 4:04:12 PM BattleShip.client.utils.LoggerClient lambda$info$0
INFO: GAME_CREATED:1111
дек. 23, 2025 4:04:12 PM BattleShip.client.utils.LoggerClient lambda$info$0
INFO: GAME_LIST:1111:q:1:WAITING
дек. 23, 2025 4:04:15 PM BattleShip.client.utils.LoggerClient lambda$info$0
INFO: SHIPS_ACCEPTED
дек. 23, 2025 4:04:15 PM BattleShip.client.utils.LoggerClient lambda$info$0
INFO: WAITING_FOR_OPPONENT
дек. 23, 2025 4:04:26 PM BattleShip.client.utils.LoggerClient lambda$info$0
INFO: PLAYER_JOINED:w
дек. 23, 2025 4:04:26 PM BattleShip.client.utils.LoggerClient lambda$info$0
INFO: GAME_LIST:1111:q:2:PLACING_SHIPS
дек. 23, 2025 4:04:29 PM BattleShip.client.utils.LoggerClient lambda$info$0
INFO: OPPONENT_PLACING_SHIPS
дек. 23, 2025 4:04:29 PM BattleShip.client.utils.LoggerClient lambda$info$0
INFO: ALL_SHIPS_PLACED
дек. 23, 2025 4:04:33 PM BattleShip.client.utils.LoggerClient lambda$info$0
INFO: GAME_START:YOUR_TURN:w
дек. 23, 2025 4:05:16 PM BattleShip.client.utils.LoggerClient lambda$info$0
INFO: SHOT_RESULT:q:MISS:2:2
дек. 23, 2025 4:05:16 PM BattleShip.client.utils.LoggerClient lambda$info$0
INFO: TURN:w
дек. 23, 2025 4:05:25 PM BattleShip.client.utils.LoggerClient lambda$info$0
INFO: SHOT_RESULT:w:HIT:6:3
дек. 23, 2025 4:06:50 PM BattleShip.client.utils.LoggerClient lambda$info$0
INFO: SHOT_RESULT:w:MISS:2:2
дек. 23, 2025 4:06:50 PM BattleShip.client.utils.LoggerClient lambda$info$0
INFO: TURN:q
дек. 23, 2025 4:14:50 PM BattleShip.client.utils.LoggerClient lambda$info$0
INFO: SERVER_CLOSED
дек. 23, 2025 4:18:45 PM BattleShip.client.utils.LoggerClient lambda$info$0
INFO: CONNECTED:3f5538b3
дек. 23, 2025 4:18:45 PM BattleShip.client.utils.LoggerClient lambda$info$0
INFO: REGISTERED:q
дек. 23, 2025 4:18:45 PM BattleShip.client.utils.LoggerClient lambda$info$0
INFO: GAME_LIST:
дек. 23, 2025 4:18:48 PM BattleShip.client.utils.LoggerClient lambda$info$0
INFO: GAME_CREATED:1111
дек. 23, 2025 4:18:48 PM BattleShip.client.utils.LoggerClient lambda$info$0
INFO: GAME_LIST:1111:q:1:WAITING
дек. 23, 2025 4:18:52 PM BattleShip.client.utils.LoggerClient lambda$info$0
INFO: SHIPS_ACCEPTED
дек. 23, 2025 4:18:52 PM BattleShip.client.utils.LoggerClient lambda$info$0
INFO: WAITING_FOR_OPPONENT
дек. 23, 2025 4:19:02 PM BattleShip.client.utils.LoggerClient lambda$info$0
INFO: PLAYER_JOINED:w
дек. 23, 2025 4:19:02 PM BattleShip.client.utils.LoggerClient lambda$info$0
INFO: GAME_LIST:1111:q:2:PLACING_SHIPS
дек. 23, 2025 4:19:06 PM BattleShip.client.utils.LoggerClient lambda$info$0
INFO: OPPONENT_PLACING_SHIPS
дек. 23, 2025 4:19:06 PM BattleShip.client.utils.LoggerClient lambda$info$0
INFO: ALL_SHIPS_PLACED
дек. 23, 2025 4:19:09 PM BattleShip.client.utils.LoggerClient lambda$info$0
INFO: GAME_START:YOUR_TURN:w
дек. 23, 2025 4:19:22 PM BattleShip.client.utils.LoggerClient lambda$info$0
INFO: SHOT_RESULT:q:HIT:3:0
дек. 23, 2025 4:19:24 PM BattleShip.client.utils.LoggerClient lambda$info$0
INFO: SHOT_RESULT:q:HIT:4:0
дек. 23, 2025 4:19:25 PM BattleShip.client.utils.LoggerClient lambda$info$0
INFO: SHOT_RESULT:q:HIT:4:2
дек. 23, 2025 4:19:26 PM BattleShip.client.utils.LoggerClient lambda$info$0
INFO: SHOT_RESULT:q:HIT:4:3
дек. 23, 2025 4:19:26 PM BattleShip.client.utils.LoggerClient lambda$info$0
INFO: SHOT_RESULT:q:HIT:4:4
дек. 23, 2025 4:19:27 PM BattleShip.client.utils.LoggerClient lambda$info$0
INFO: SHOT_RESULT:q:MISS:4:5
дек. 23, 2025 4:19:27 PM BattleShip.client.utils.LoggerClient lambda$info$0
INFO: TURN:w
дек. 23, 2025 4:19:34 PM BattleShip.client.utils.LoggerClient lambda$info$0
INFO: SHOT_RESULT:w:HIT:5:0
дек. 23, 2025 4:19:35 PM BattleShip.client.utils.LoggerClient lambda$info$0
INFO: SHOT_RESULT:w:HIT:7:0
дек. 23, 2025 4:19:36 PM BattleShip.client.utils.LoggerClient lambda$info$0
INFO: SHOT_RESULT:w:HIT:8:0
дек. 23, 2025 4:19:36 PM BattleShip.client.utils.LoggerClient lambda$info$0
INFO: SHOT_RESULT:w:HIT:9:0
дек. 23, 2025 4:19:37 PM BattleShip.client.utils.LoggerClient lambda$info$0
INFO: SHOT_RESULT:w:HIT:6:2
дек. 23, 2025 4:19:40 PM BattleShip.client.utils.LoggerClient lambda$info$0
INFO: SHOT_RESULT:w:HIT:7:2
дек. 23, 2025 4:19:41 PM BattleShip.client.utils.LoggerClient lambda$info$0
INFO: SHOT_RESULT:w:MISS:8:2
дек. 23, 2025 4:19:41 PM BattleShip.client.utils.LoggerClient lambda$info$0
INFO: TURN:q
дек. 23, 2025 4:19:43 PM BattleShip.client.utils.LoggerClient lambda$info$0
INFO: SHOT_RESULT:q:MISS:1:5
дек. 23, 2025 4:19:43 PM BattleShip.client.utils.LoggerClient lambda$info$0
INFO: TURN:w
дек. 23, 2025 4:20:02 PM BattleShip.client.utils.LoggerClient lambda$info$0
INFO: SHOT_RESULT:w:HIT:3:1
дек. 23, 2025 4:20:06 PM BattleShip.client.utils.LoggerClient lambda$info$0
INFO: SHOT_RESULT:w:HIT:3:2
дек. 23, 2025 4:20:07 PM BattleShip.client.utils.LoggerClient lambda$info$0
INFO: SHOT_RESULT:w:HIT:3:3
дек. 23, 2025 4:20:14 PM BattleShip.client.utils.LoggerClient lambda$info$0
INFO: SHOT_RESULT:w:MISS:5:4
дек. 23, 2025 4:20:14 PM BattleShip.client.utils.LoggerClient lambda$info$0
INFO: TURN:q
дек. 23, 2025 4:20:18 PM BattleShip.client.utils.LoggerClient lambda$info$0
INFO: GAME_OVER:q,true
дек. 23, 2025 4:20:20 PM BattleShip.client.utils.LoggerClient lambda$info$0
INFO: GAME_STATUS:WAITING
дек. 23, 2025 4:20:20 PM BattleShip.client.utils.LoggerClient lambda$info$0
INFO: GAME_LIST:1111:q:1:WAITING
дек. 23, 2025 4:20:22 PM BattleShip.client.utils.LoggerClient lambda$info$0
INFO: LEFT_GAME
дек. 23, 2025 4:20:22 PM BattleShip.client.utils.LoggerClient lambda$info$0
INFO: GAME_LIST:
дек. 23, 2025 4:20:27 PM BattleShip.client.utils.LoggerClient lambda$info$0
INFO: GAME_CREATED:AI
дек. 23, 2025 4:20:31 PM BattleShip.client.utils.LoggerClient lambda$info$0
INFO: SHIPS_ACCEPTED
дек. 23, 2025 4:20:31 PM BattleShip.client.utils.LoggerClient lambda$info$0
INFO: ALL_SHIPS_PLACED
дек. 23, 2025 4:20:31 PM BattleShip.client.utils.LoggerClient lambda$info$0
INFO: GAME_START:YOUR_TURN:COMPUTER
дек. 23, 2025 4:20:33 PM BattleShip.client.utils.LoggerClient lambda$info$0
INFO: SHOT_RESULT:q:HIT:5:4
дек. 23, 2025 4:20:34 PM BattleShip.client.utils.LoggerClient lambda$info$0
INFO: SHOT_RESULT:q:MISS:6:4
дек. 23, 2025 4:20:34 PM BattleShip.client.utils.LoggerClient lambda$info$0
INFO: TURN:COMPUTER
дек. 23, 2025 4:20:35 PM BattleShip.client.utils.LoggerClient lambda$info$0
INFO: SHOT_RESULT:COMPUTER:MISS:9:2
дек. 23, 2025 4:20:35 PM BattleShip.client.utils.LoggerClient lambda$info$0
INFO: TURN:q
дек. 23, 2025 4:20:37 PM BattleShip.client.utils.LoggerClient lambda$info$0
INFO: SHOT_RESULT:q:MISS:4:6
дек. 23, 2025 4:20:37 PM BattleShip.client.utils.LoggerClient lambda$info$0
INFO: TURN:COMPUTER
дек. 23, 2025 4:20:38 PM BattleShip.client.utils.LoggerClient lambda$info$0
INFO: SHOT_RESULT:COMPUTER:HIT:3:9
дек. 23, 2025 4:20:39 PM BattleShip.client.utils.LoggerClient lambda$info$0
INFO: SHOT_RESULT:COMPUTER:MISS:6:3
дек. 23, 2025 4:20:39 PM BattleShip.client.utils.LoggerClient lambda$info$0
INFO: TURN:q
дек. 23, 2025 4:20:46 PM BattleShip.client.utils.LoggerClient lambda$info$0
INFO: GAME_OVER:COMPUTER,true
дек. 23, 2025 4:20:47 PM BattleShip.client.utils.LoggerClient lambda$info$0
INFO: LEFT_GAME
дек. 23, 2025 4:27:34 PM BattleShip.client.utils.LoggerClient lambda$info$0
INFO: CONNECTED:48bfac97
дек. 23, 2025 4:27:34 PM BattleShip.client.utils.LoggerClient lambda$info$0
INFO: REGISTERED:q
дек. 23, 2025 4:27:34 PM BattleShip.client.utils.LoggerClient lambda$info$0
INFO: GAME_LIST:
дек. 23, 2025 4:27:36 PM BattleShip.client.utils.LoggerClient lambda$info$0
INFO: GAME_CREATED:AI
дек. 23, 2025 4:27:39 PM BattleShip.client.utils.LoggerClient lambda$info$0
INFO: SHIPS_ACCEPTED
дек. 23, 2025 4:27:39 PM BattleShip.client.utils.LoggerClient lambda$info$0
INFO: ALL_SHIPS_PLACED
дек. 23, 2025 4:27:39 PM BattleShip.client.utils.LoggerClient lambda$info$0
INFO: GAME_START:YOUR_TURN:COMPUTER
дек. 23, 2025 4:27:40 PM BattleShip.client.utils.LoggerClient lambda$info$0
INFO: SHOT_RESULT:q:MISS:3:6
дек. 23, 2025 4:27:40 PM BattleShip.client.utils.LoggerClient lambda$info$0
INFO: TURN:COMPUTER
дек. 23, 2025 4:27:41 PM BattleShip.client.utils.LoggerClient lambda$info$0
INFO: SHOT_RESULT:COMPUTER:MISS:0:8
дек. 23, 2025 4:27:41 PM BattleShip.client.utils.LoggerClient lambda$info$0
INFO: TURN:q
дек. 23, 2025 4:27:46 PM BattleShip.client.utils.LoggerClient lambda$info$0
INFO: SHOT_RESULT:q:MISS:5:3
дек. 23, 2025 4:27:46 PM BattleShip.client.utils.LoggerClient lambda$info$0
INFO: TURN:COMPUTER
дек. 23, 2025 4:27:47 PM BattleShip.client.utils.LoggerClient lambda$info$0
INFO: SHOT_RESULT:COMPUTER:MISS:6:1
дек. 23, 2025 4:27:47 PM BattleShip.client.utils.LoggerClient lambda$info$0
INFO: TURN:q
дек. 23, 2025 4:27:47 PM BattleShip.client.utils.LoggerClient lambda$info$0
INFO: SHOT_RESULT:q:MISS:2:0
дек. 23, 2025 4:27:47 PM BattleShip.client.utils.LoggerClient lambda$info$0
INFO: TURN:COMPUTER
дек. 23, 2025 4:27:48 PM BattleShip.client.utils.LoggerClient lambda$info$0
INFO: SHOT_RESULT:COMPUTER:MISS:0:3
дек. 23, 2025 4:27:48 PM BattleShip.client.utils.LoggerClient lambda$info$0
INFO: TURN:q
дек. 23, 2025 4:27:51 PM BattleShip.client.utils.LoggerClient lambda$info$0
INFO: GAME_OVER:COMPUTER,true
дек. 23, 2025 4:27:53 PM BattleShip.client.utils.LoggerClient lambda$info$0
INFO: LEFT_GAME
дек. 23, 2025 4:35:25 PM BattleShip.client.utils.LoggerClient lambda$info$0
INFO: CONNECTED:eda2848a
дек. 23, 2025 4:35:25 PM BattleShip.client.utils.LoggerClient lambda$info$0
INFO: REGISTERED:q
дек. 23, 2025 4:35:25 PM BattleShip.client.utils.LoggerClient lambda$info$0
INFO: GAME_LIST:
дек. 23, 2025 4:35:27 PM BattleShip.client.utils.LoggerClient lambda$info$0
INFO: GAME_LIST:
