дек. 23, 2025 2:06:49 AM BattleShip.server.utils.LoggerServer lambda$info$0
INFO: Сервер запущен на порту 12345
дек. 23, 2025 2:06:49 AM BattleShip.server.utils.LoggerServer lambda$info$0
INFO: Ожидание подключений клиентов...
дек. 23, 2025 2:07:12 AM BattleShip.server.utils.LoggerServer lambda$info$0
INFO: REGISTER:q
дек. 23, 2025 2:07:17 AM BattleShip.server.utils.LoggerServer lambda$info$0
INFO: CREATE_GAME:1111
дек. 23, 2025 2:07:39 AM BattleShip.server.utils.LoggerServer lambda$info$0
INFO: REGISTER:w
дек. 23, 2025 2:07:41 AM BattleShip.server.utils.LoggerServer lambda$info$0
INFO: LIST_GAMES
дек. 23, 2025 2:07:42 AM BattleShip.server.utils.LoggerServer lambda$info$0
INFO: JOIN_GAME:1111
дек. 23, 2025 2:07:48 AM BattleShip.server.utils.LoggerServer lambda$info$0
INFO: SHIPS_PLACED:0,5,7,0;1,1,4,1;1,2,2,0;2,3,8,1;2,6,9,0;2,6,4,0;3,7,1,1;3,0,8,0;3,0,2,1;3,9,1,1;
дек. 23, 2025 2:07:51 AM BattleShip.server.utils.LoggerServer lambda$info$0
INFO: SHIPS_PLACED:0,4,4,0;1,5,0,1;1,7,0,0;2,5,8,1;2,1,2,1;2,7,7,1;3,0,0,0;3,3,2,0;3,9,3,1;3,3,0,1;
дек. 23, 2025 2:07:52 AM BattleShip.server.utils.LoggerServer lambda$info$0
INFO: READY
дек. 23, 2025 2:07:54 AM BattleShip.server.utils.LoggerServer lambda$info$0
INFO: READY
дек. 23, 2025 2:08:05 AM BattleShip.server.utils.LoggerServer lambda$info$0
INFO: SHOT:0:0
дек. 23, 2025 2:08:06 AM BattleShip.server.utils.LoggerServer lambda$info$0
INFO: SHOT:3:0
дек. 23, 2025 2:08:08 AM BattleShip.server.utils.LoggerServer lambda$info$0
INFO: SHOT:5:0
дек. 23, 2025 2:08:08 AM BattleShip.server.utils.LoggerServer lambda$info$0
INFO: SHOT:5:1
дек. 23, 2025 2:08:09 AM BattleShip.server.utils.LoggerServer lambda$info$0
INFO: SHOT:5:2
дек. 23, 2025 2:08:09 AM BattleShip.server.utils.LoggerServer lambda$info$0
INFO: SHOT:7:0
дек. 23, 2025 2:08:10 AM BattleShip.server.utils.LoggerServer lambda$info$0
INFO: SHOT:8:0
дек. 23, 2025 2:08:10 AM BattleShip.server.utils.LoggerServer lambda$info$0
INFO: SHOT:9:0
дек. 23, 2025 2:08:11 AM BattleShip.server.utils.LoggerServer lambda$info$0
INFO: SHOT:3:2
дек. 23, 2025 2:08:13 AM BattleShip.server.utils.LoggerServer lambda$info$0
INFO: SHOT:1:2
дек. 23, 2025 2:08:13 AM BattleShip.server.utils.LoggerServer lambda$info$0
INFO: SHOT:1:3
дек. 23, 2025 2:08:15 AM BattleShip.server.utils.LoggerServer lambda$info$0
INFO: SHOT:4:4
дек. 23, 2025 2:08:15 AM BattleShip.server.utils.LoggerServer lambda$info$0
INFO: SHOT:5:4
дек. 23, 2025 2:08:16 AM BattleShip.server.utils.LoggerServer lambda$info$0
INFO: SHOT:6:4
дек. 23, 2025 2:08:16 AM BattleShip.server.utils.LoggerServer lambda$info$0
INFO: SHOT:7:4
дек. 23, 2025 2:08:17 AM BattleShip.server.utils.LoggerServer lambda$info$0
INFO: SHOT:9:3
дек. 23, 2025 2:08:19 AM BattleShip.server.utils.LoggerServer lambda$info$0
INFO: SHOT:7:7
дек. 23, 2025 2:08:20 AM BattleShip.server.utils.LoggerServer lambda$info$0
INFO: SHOT:7:8
дек. 23, 2025 2:08:21 AM BattleShip.server.utils.LoggerServer lambda$info$0
INFO: SHOT:5:8
дек. 23, 2025 2:08:21 AM BattleShip.server.utils.LoggerServer lambda$info$0
INFO: SHOT:5:9
дек. 23, 2025 2:08:30 AM BattleShip.server.utils.LoggerServer lambda$info$0
INFO: LIST_GAMES
дек. 23, 2025 2:08:32 AM BattleShip.server.utils.LoggerServer lambda$info$0
INFO: LEAVE_GAME
дек. 23, 2025 2:08:33 AM BattleShip.server.utils.LoggerServer lambda$info$0
INFO: LIST_GAMES
дек. 23, 2025 2:08:34 AM BattleShip.server.utils.LoggerServer lambda$info$0
INFO: JOIN_GAME:1111
дек. 23, 2025 2:08:38 AM BattleShip.server.utils.LoggerServer lambda$info$0
INFO: SHIPS_PLACED:0,3,1,0;1,7,3,1;1,0,8,0;2,0,4,1;2,9,8,1;2,8,0,1;3,5,4,0;3,1,2,0;3,3,5,1;3,4,9,0;
дек. 23, 2025 2:08:42 AM BattleShip.server.utils.LoggerServer lambda$info$0
INFO: SHIPS_PLACED:0,2,0,1;1,2,6,0;1,7,8,0;2,8,4,0;2,4,2,1;2,7,1,0;3,0,8,0;3,8,6,0;3,6,6,1;3,0,6,1;
дек. 23, 2025 2:08:43 AM BattleShip.server.utils.LoggerServer lambda$info$0
INFO: READY
дек. 23, 2025 2:08:44 AM BattleShip.server.utils.LoggerServer lambda$info$0
INFO: READY
дек. 23, 2025 2:08:48 AM BattleShip.server.utils.LoggerServer lambda$info$0
INFO: SURRENDER:q
дек. 23, 2025 2:08:54 AM BattleShip.server.utils.LoggerServer lambda$info$0
INFO: LEAVE_GAME
дек. 23, 2025 2:08:54 AM BattleShip.server.utils.LoggerServer lambda$info$0
INFO: LEAVE_GAME
дек. 23, 2025 2:08:59 AM BattleShip.server.utils.LoggerServer lambda$info$0
INFO: LIST_GAMES
дек. 23, 2025 2:08:59 AM BattleShip.server.utils.LoggerServer lambda$info$0
INFO: LIST_GAMES
дек. 23, 2025 2:09:10 AM BattleShip.server.utils.LoggerServer lambda$info$0
INFO: CREATE_GAME:AI
дек. 23, 2025 2:09:13 AM BattleShip.server.utils.LoggerServer lambda$info$0
INFO: SHIPS_PLACED:0,1,9,0;1,6,4,0;1,6,0,1;2,4,0,1;2,0,0,0;2,7,6,1;3,2,6,1;3,1,2,0;3,9,2,1;3,4,4,1;
дек. 23, 2025 2:09:13 AM BattleShip.server.utils.LoggerServer lambda$info$0
INFO: READY
дек. 23, 2025 2:09:14 AM BattleShip.server.utils.LoggerServer lambda$info$0
INFO: SHOT:4:5
дек. 23, 2025 2:09:16 AM BattleShip.server.utils.LoggerServer lambda$info$0
INFO: SHOT:4:2
дек. 23, 2025 2:09:19 AM BattleShip.server.utils.LoggerServer lambda$info$0
INFO: SHOT:7:5
дек. 23, 2025 2:09:21 AM BattleShip.server.utils.LoggerServer lambda$info$0
INFO: SHOT:1:3
дек. 23, 2025 2:09:25 AM BattleShip.server.utils.LoggerServer lambda$info$0
INFO: SHOT:6:1
дек. 23, 2025 2:09:26 AM BattleShip.server.utils.LoggerServer lambda$info$0
INFO: SHOT:6:2
дек. 23, 2025 2:09:31 AM BattleShip.server.utils.LoggerServer lambda$info$0
INFO: SURRENDER:COMPUTER
дек. 23, 2025 2:09:33 AM BattleShip.server.utils.LoggerServer lambda$info$0
INFO: LIST_GAMES
дек. 23, 2025 2:09:35 AM BattleShip.server.utils.LoggerServer lambda$info$0
INFO: SHIPS_PLACED:0,3,0,1;1,5,0,1;1,9,0,1;2,1,6,1;2,4,8,1;2,7,6,1;3,7,9,1;3,9,9,1;3,1,0,1;3,1,2,1;
дек. 23, 2025 2:09:36 AM BattleShip.server.utils.LoggerServer lambda$info$0
INFO: READY
дек. 23, 2025 2:09:37 AM BattleShip.server.utils.LoggerServer lambda$info$0
INFO: SHOT:4:6
дек. 23, 2025 2:09:39 AM BattleShip.server.utils.LoggerServer lambda$info$0
INFO: SHOT:6:2
дек. 23, 2025 2:09:41 AM BattleShip.server.utils.LoggerServer lambda$info$0
INFO: SHOT:8:5
дек. 23, 2025 2:09:43 AM BattleShip.server.utils.LoggerServer lambda$info$0
INFO: SHOT:2:2
дек. 23, 2025 2:09:46 AM BattleShip.server.utils.LoggerServer lambda$info$0
INFO: SHOT:7:0
дек. 23, 2025 2:09:49 AM BattleShip.server.utils.LoggerServer lambda$info$0
INFO: SHOT:7:6
дек. 23, 2025 2:09:51 AM BattleShip.server.utils.LoggerServer lambda$info$0
INFO: SHOT:4:4
дек. 23, 2025 2:09:54 AM BattleShip.server.utils.LoggerServer lambda$info$0
INFO: SURRENDER:COMPUTER
дек. 23, 2025 2:09:57 AM BattleShip.server.utils.LoggerServer lambda$info$0
INFO: LEAVE_GAME
дек. 23, 2025 2:09:59 AM BattleShip.server.utils.LoggerServer lambda$info$0
INFO: DISCONNECT
дек. 23, 2025 2:09:59 AM BattleShip.server.utils.LoggerServer lambda$info$0
INFO: CLIENTb3f0dd7f DISCONNECTED
дек. 23, 2025 2:10:04 AM BattleShip.server.utils.LoggerServer lambda$info$0
INFO: DISCONNECT
дек. 23, 2025 2:10:04 AM BattleShip.server.utils.LoggerServer lambda$info$0
INFO: CLIENTb06f3ce7 DISCONNECTED
дек. 23, 2025 2:10:08 AM BattleShip.server.utils.LoggerServer lambda$info$0
INFO: 
Завершение работы сервера...
дек. 23, 2025 2:10:23 AM BattleShip.server.utils.LoggerServer lambda$info$0
INFO: Сервер запущен на порту 12345
дек. 23, 2025 2:10:23 AM BattleShip.server.utils.LoggerServer lambda$info$0
INFO: Ожидание подключений клиентов...
дек. 23, 2025 2:10:30 AM BattleShip.server.utils.LoggerServer lambda$info$0
INFO: REGISTER:q
дек. 23, 2025 2:10:33 AM BattleShip.server.utils.LoggerServer lambda$info$0
INFO: CREATE_GAME:AI
дек. 23, 2025 2:10:37 AM BattleShip.server.utils.LoggerServer lambda$info$0
INFO: SHIPS_PLACED:0,5,4,1;1,7,4,0;1,3,2,0;2,1,8,0;2,8,0,0;2,7,6,1;3,2,6,1;3,0,0,1;3,9,9,0;3,3,4,0;
дек. 23, 2025 2:10:37 AM BattleShip.server.utils.LoggerServer lambda$info$0
INFO: READY
дек. 23, 2025 2:10:41 AM BattleShip.server.utils.LoggerServer lambda$info$0
INFO: SHOT:4:6
дек. 23, 2025 2:10:42 AM BattleShip.server.utils.LoggerServer lambda$info$0
INFO: SHOT:4:3
дек. 23, 2025 2:10:59 AM BattleShip.server.utils.LoggerServer lambda$info$0
INFO: Сервер запущен на порту 12345
дек. 23, 2025 2:10:59 AM BattleShip.server.utils.LoggerServer lambda$info$0
INFO: Ожидание подключений клиентов...
дек. 23, 2025 2:11:04 AM BattleShip.server.utils.LoggerServer lambda$info$0
INFO: REGISTER:q
дек. 23, 2025 2:11:07 AM BattleShip.server.utils.LoggerServer lambda$info$0
INFO: DISCONNECT
дек. 23, 2025 2:11:07 AM BattleShip.server.utils.LoggerServer lambda$info$0
INFO: CLIENT03ac1441 DISCONNECTED
дек. 23, 2025 2:11:10 AM BattleShip.server.utils.LoggerServer lambda$info$0
INFO: 
Завершение работы сервера...
дек. 23, 2025 3:58:12 AM BattleShip.server.utils.LoggerServer lambda$info$0
INFO: Сервер запущен на порту 12345
дек. 23, 2025 3:58:12 AM BattleShip.server.utils.LoggerServer lambda$info$0
INFO: Ожидание подключений клиентов...
дек. 23, 2025 3:58:24 AM BattleShip.server.utils.LoggerServer lambda$info$0
INFO: REGISTER:q
дек. 23, 2025 3:58:33 AM BattleShip.server.utils.LoggerServer lambda$info$0
INFO: REGISTER:w
дек. 23, 2025 3:58:40 AM BattleShip.server.utils.LoggerServer lambda$info$0
INFO: CREATE_GAME:1111
дек. 23, 2025 3:58:44 AM BattleShip.server.utils.LoggerServer lambda$info$0
INFO: SHIPS_PLACED:0,3,6,0;1,1,5,1;1,2,1,0;2,8,1,1;2,6,8,1;2,3,3,0;3,9,7,1;3,4,9,1;3,6,4,0;3,8,5,0;
дек. 23, 2025 3:58:45 AM BattleShip.server.utils.LoggerServer lambda$info$0
INFO: LIST_GAMES
дек. 23, 2025 3:58:46 AM BattleShip.server.utils.LoggerServer lambda$info$0
INFO: JOIN_GAME:1111
дек. 23, 2025 3:58:50 AM BattleShip.server.utils.LoggerServer lambda$info$0
INFO: SHIPS_PLACED:0,9,3,1;1,4,2,0;1,5,4,0;2,0,8,0;2,7,9,0;2,2,4,0;3,6,0,0;3,7,6,1;3,4,9,1;3,1,1,1;
дек. 23, 2025 3:58:54 AM BattleShip.server.utils.LoggerServer lambda$info$0
INFO: READY
дек. 23, 2025 3:58:58 AM BattleShip.server.utils.LoggerServer lambda$info$0
INFO: READY
дек. 23, 2025 3:59:08 AM BattleShip.server.utils.LoggerServer lambda$info$0
INFO: SHOT:1:1
дек. 23, 2025 3:59:11 AM BattleShip.server.utils.LoggerServer lambda$info$0
INFO: SHOT:6:0
дек. 23, 2025 3:59:12 AM BattleShip.server.utils.LoggerServer lambda$info$0
INFO: SHOT:6:2
дек. 23, 2025 3:59:12 AM BattleShip.server.utils.LoggerServer lambda$info$0
INFO: SHOT:5:2
дек. 23, 2025 3:59:12 AM BattleShip.server.utils.LoggerServer lambda$info$0
INFO: SHOT:4:2
дек. 23, 2025 3:59:14 AM BattleShip.server.utils.LoggerServer lambda$info$0
INFO: SHOT:5:4
дек. 23, 2025 3:59:14 AM BattleShip.server.utils.LoggerServer lambda$info$0
INFO: SHOT:6:4
дек. 23, 2025 3:59:15 AM BattleShip.server.utils.LoggerServer lambda$info$0
INFO: SHOT:7:4
дек. 23, 2025 3:59:16 AM BattleShip.server.utils.LoggerServer lambda$info$0
INFO: SHOT:9:4
дек. 23, 2025 3:59:16 AM BattleShip.server.utils.LoggerServer lambda$info$0
INFO: SHOT:9:3
дек. 23, 2025 3:59:17 AM BattleShip.server.utils.LoggerServer lambda$info$0
INFO: SHOT:9:5
дек. 23, 2025 3:59:17 AM BattleShip.server.utils.LoggerServer lambda$info$0
INFO: SHOT:9:6
дек. 23, 2025 3:59:18 AM BattleShip.server.utils.LoggerServer lambda$info$0
INFO: SHOT:7:6
дек. 23, 2025 3:59:19 AM BattleShip.server.utils.LoggerServer lambda$info$0
INFO: SHOT:3:4
дек. 23, 2025 3:59:20 AM BattleShip.server.utils.LoggerServer lambda$info$0
INFO: SHOT:2:4
дек. 23, 2025 3:59:23 AM BattleShip.server.utils.LoggerServer lambda$info$0
INFO: SHOT:4:9
дек. 23, 2025 3:59:24 AM BattleShip.server.utils.LoggerServer lambda$info$0
INFO: SHOT:7:9
дек. 23, 2025 3:59:24 AM BattleShip.server.utils.LoggerServer lambda$info$0
INFO: SHOT:8:9
дек. 23, 2025 3:59:28 AM BattleShip.server.utils.LoggerServer lambda$info$0
INFO: SHOT:2:8
дек. 23, 2025 3:59:30 AM BattleShip.server.utils.LoggerServer lambda$info$0
INFO: SHOT:1:3
дек. 23, 2025 3:59:33 AM BattleShip.server.utils.LoggerServer lambda$info$0
INFO: SHOT:1:8
дек. 23, 2025 3:59:33 AM BattleShip.server.utils.LoggerServer lambda$info$0
INFO: SHOT:0:8
дек. 23, 2025 3:59:37 AM BattleShip.server.utils.LoggerServer lambda$info$0
INFO: LIST_GAMES
дек. 23, 2025 3:59:40 AM BattleShip.server.utils.LoggerServer lambda$info$0
INFO: LEAVE_GAME
дек. 23, 2025 3:59:41 AM BattleShip.server.utils.LoggerServer lambda$info$0
INFO: LIST_GAMES
дек. 23, 2025 3:59:42 AM BattleShip.server.utils.LoggerServer lambda$info$0
INFO: JOIN_GAME:1111
дек. 23, 2025 3:59:47 AM BattleShip.server.utils.LoggerServer lambda$info$0
INFO: SHIPS_PLACED:0,0,0,1;1,7,4,1;1,3,9,0;2,4,5,0;2,6,2,0;2,2,0,1;3,1,9,0;3,2,4,0;3,9,5,0;3,9,1,1;
дек. 23, 2025 3:59:50 AM BattleShip.server.utils.LoggerServer lambda$info$0
INFO: LEAVE_GAME
дек. 23, 2025 3:59:53 AM BattleShip.server.utils.LoggerServer lambda$info$0
INFO: LEAVE_GAME
дек. 23, 2025 3:59:54 AM BattleShip.server.utils.LoggerServer lambda$info$0
INFO: LIST_GAMES
дек. 23, 2025 3:59:59 AM BattleShip.server.utils.LoggerServer lambda$info$0
INFO: CREATE_GAME:1111
дек. 23, 2025 4:00:02 AM BattleShip.server.utils.LoggerServer lambda$info$0
INFO: SHIPS_PLACED:0,9,5,1;1,3,8,0;1,1,5,1;2,6,0,0;2,7,4,1;2,2,1,0;3,1,9,1;3,3,6,0;3,3,4,0;3,0,2,1;
дек. 23, 2025 4:00:04 AM BattleShip.server.utils.LoggerServer lambda$info$0
INFO: LIST_GAMES
дек. 23, 2025 4:00:06 AM BattleShip.server.utils.LoggerServer lambda$info$0
INFO: JOIN_GAME:1111
дек. 23, 2025 4:00:09 AM BattleShip.server.utils.LoggerServer lambda$info$0
INFO: SHIPS_PLACED:0,8,1,1;1,4,5,0;1,9,7,1;2,0,1,1;2,2,3,0;2,4,0,1;3,2,1,1;3,5,9,0;3,3,8,0;3,7,7,0;
дек. 23, 2025 4:00:10 AM BattleShip.server.utils.LoggerServer lambda$info$0
INFO: READY
дек. 23, 2025 4:00:12 AM BattleShip.server.utils.LoggerServer lambda$info$0
INFO: READY
дек. 23, 2025 4:00:13 AM BattleShip.server.utils.LoggerServer lambda$info$0
INFO: SHOT:4:6
дек. 23, 2025 4:00:15 AM BattleShip.server.utils.LoggerServer lambda$info$0
INFO: SHOT:1:2
дек. 23, 2025 4:00:18 AM BattleShip.server.utils.LoggerServer lambda$info$0
INFO: SURRENDER:w
дек. 23, 2025 4:00:24 AM BattleShip.server.utils.LoggerServer lambda$info$0
INFO: LEAVE_GAME
дек. 23, 2025 4:00:24 AM BattleShip.server.utils.LoggerServer lambda$info$0
INFO: LEAVE_GAME
дек. 23, 2025 4:00:28 AM BattleShip.server.utils.LoggerServer lambda$info$0
INFO: LIST_GAMES
дек. 23, 2025 4:00:28 AM BattleShip.server.utils.LoggerServer lambda$info$0
INFO: LIST_GAMES
дек. 23, 2025 4:00:31 AM BattleShip.server.utils.LoggerServer lambda$info$0
INFO: CREATE_GAME:AI
дек. 23, 2025 4:00:34 AM BattleShip.server.utils.LoggerServer lambda$info$0
INFO: SHIPS_PLACED:0,2,0,0;1,3,2,0;1,4,6,1;2,1,5,1;2,7,3,0;2,8,7,0;3,6,5,1;3,8,5,0;3,6,9,1;3,0,2,1;
дек. 23, 2025 4:00:34 AM BattleShip.server.utils.LoggerServer lambda$info$0
INFO: READY
дек. 23, 2025 4:00:35 AM BattleShip.server.utils.LoggerServer lambda$info$0
INFO: SHOT:2:7
дек. 23, 2025 4:00:36 AM BattleShip.server.utils.LoggerServer lambda$info$0
INFO: SHOT:5:3
дек. 23, 2025 4:00:37 AM BattleShip.server.utils.LoggerServer lambda$info$0
INFO: SHOT:5:4
дек. 23, 2025 4:00:38 AM BattleShip.server.utils.LoggerServer lambda$info$0
INFO: SHOT:5:5
дек. 23, 2025 4:00:38 AM BattleShip.server.utils.LoggerServer lambda$info$0
INFO: SHOT:5:6
дек. 23, 2025 4:00:40 AM BattleShip.server.utils.LoggerServer lambda$info$0
INFO: SHOT:8:5
дек. 23, 2025 4:00:44 AM BattleShip.server.utils.LoggerServer lambda$info$0
INFO: SURRENDER:COMPUTER
дек. 23, 2025 4:00:45 AM BattleShip.server.utils.LoggerServer lambda$info$0
INFO: LIST_GAMES
дек. 23, 2025 4:00:48 AM BattleShip.server.utils.LoggerServer lambda$info$0
INFO: SHIPS_PLACED:0,1,5,1;1,3,2,0;1,4,7,0;2,3,0,0;2,7,1,1;2,8,7,1;3,5,5,1;3,9,3,0;3,1,2,0;3,0,0,0;
дек. 23, 2025 4:00:49 AM BattleShip.server.utils.LoggerServer lambda$info$0
INFO: READY
дек. 23, 2025 4:00:50 AM BattleShip.server.utils.LoggerServer lambda$info$0
INFO: SHOT:0:3
дек. 23, 2025 4:00:53 AM BattleShip.server.utils.LoggerServer lambda$info$0
INFO: SHOT:4:5
дек. 23, 2025 4:00:56 AM BattleShip.server.utils.LoggerServer lambda$info$0
INFO: SHOT:2:7
дек. 23, 2025 4:00:57 AM BattleShip.server.utils.LoggerServer lambda$info$0
INFO: SHOT:3:7
дек. 23, 2025 4:01:00 AM BattleShip.server.utils.LoggerServer lambda$info$0
INFO: SURRENDER:COMPUTER
дек. 23, 2025 4:01:02 AM BattleShip.server.utils.LoggerServer lambda$info$0
INFO: LEAVE_GAME
дек. 23, 2025 4:01:03 AM BattleShip.server.utils.LoggerServer lambda$info$0
INFO: LIST_GAMES
дек. 23, 2025 4:01:11 AM BattleShip.server.utils.LoggerServer lambda$info$0
INFO: CREATE_GAME:1111
дек. 23, 2025 4:01:16 AM BattleShip.server.utils.LoggerServer lambda$info$0
INFO: SHIPS_PLACED:0,0,5,0;1,2,9,0;1,8,4,1;2,3,2,1;2,7,1,0;2,6,8,0;3,5,6,1;3,0,3,0;3,3,0,0;3,2,7,0;
дек. 23, 2025 4:01:19 AM BattleShip.server.utils.LoggerServer lambda$info$0
INFO: LEAVE_GAME
дек. 23, 2025 4:01:22 AM BattleShip.server.utils.LoggerServer lambda$info$0
INFO: CREATE_GAME:1111
дек. 23, 2025 4:01:27 AM BattleShip.server.utils.LoggerServer lambda$info$0
INFO: CREATE_GAME:1111
дек. 23, 2025 4:01:29 AM BattleShip.server.utils.LoggerServer lambda$info$0
INFO: LIST_GAMES
дек. 23, 2025 4:01:31 AM BattleShip.server.utils.LoggerServer lambda$info$0
INFO: JOIN_GAME:1111
дек. 23, 2025 4:02:11 AM BattleShip.server.utils.LoggerServer lambda$info$0
INFO: SHIPS_PLACED:0,1,1,0;1,5,3,1;1,0,8,0;2,1,4,0;2,7,3,1;2,8,7,0;3,2,6,0;3,8,1,0;3,4,8,0;3,7,9,0;
дек. 23, 2025 4:02:14 AM BattleShip.server.utils.LoggerServer lambda$info$0
INFO: SHIPS_PLACED:0,5,5,1;1,6,3,0;1,0,4,0;2,2,1,1;2,8,7,1;2,6,0,0;3,9,5,1;3,2,8,1;3,4,1,1;3,7,5,0;
дек. 23, 2025 4:02:15 AM BattleShip.server.utils.LoggerServer lambda$info$0
INFO: READY
дек. 23, 2025 4:02:16 AM BattleShip.server.utils.LoggerServer lambda$info$0
INFO: READY
дек. 23, 2025 4:02:25 AM BattleShip.server.utils.LoggerServer lambda$info$0
INFO: SHOT:5:3
дек. 23, 2025 4:02:27 AM BattleShip.server.utils.LoggerServer lambda$info$0
INFO: SHOT:1:1
дек. 23, 2025 4:02:28 AM BattleShip.server.utils.LoggerServer lambda$info$0
INFO: SHOT:2:1
дек. 23, 2025 4:02:28 AM BattleShip.server.utils.LoggerServer lambda$info$0
INFO: SHOT:3:1
дек. 23, 2025 4:02:28 AM BattleShip.server.utils.LoggerServer lambda$info$0
INFO: SHOT:4:1
дек. 23, 2025 4:02:29 AM BattleShip.server.utils.LoggerServer lambda$info$0
INFO: SHOT:8:1
дек. 23, 2025 4:02:31 AM BattleShip.server.utils.LoggerServer lambda$info$0
INFO: SHOT:7:3
дек. 23, 2025 4:02:31 AM BattleShip.server.utils.LoggerServer lambda$info$0
INFO: SHOT:7:4
дек. 23, 2025 4:02:32 AM BattleShip.server.utils.LoggerServer lambda$info$0
INFO: SHOT:5:3
дек. 23, 2025 4:02:33 AM BattleShip.server.utils.LoggerServer lambda$info$0
INFO: SHOT:5:4
дек. 23, 2025 4:02:34 AM BattleShip.server.utils.LoggerServer lambda$info$0
INFO: SHOT:5:5
дек. 23, 2025 4:02:36 AM BattleShip.server.utils.LoggerServer lambda$info$0
INFO: SHOT:2:4
дек. 23, 2025 4:02:36 AM BattleShip.server.utils.LoggerServer lambda$info$0
INFO: SHOT:1:4
дек. 23, 2025 4:02:37 AM BattleShip.server.utils.LoggerServer lambda$info$0
INFO: SHOT:2:6
дек. 23, 2025 4:02:39 AM BattleShip.server.utils.LoggerServer lambda$info$0
INFO: SHOT:2:8
дек. 23, 2025 4:02:39 AM BattleShip.server.utils.LoggerServer lambda$info$0
INFO: SHOT:1:8
дек. 23, 2025 4:02:39 AM BattleShip.server.utils.LoggerServer lambda$info$0
INFO: SHOT:0:8
дек. 23, 2025 4:02:40 AM BattleShip.server.utils.LoggerServer lambda$info$0
INFO: SHOT:4:8
дек. 23, 2025 4:02:44 AM BattleShip.server.utils.LoggerServer lambda$info$0
INFO: SHOT:7:9
дек. 23, 2025 4:02:45 AM BattleShip.server.utils.LoggerServer lambda$info$0
INFO: SHOT:8:7
дек. 23, 2025 4:02:46 AM BattleShip.server.utils.LoggerServer lambda$info$0
INFO: SHOT:9:7
дек. 23, 2025 4:02:48 AM BattleShip.server.utils.LoggerServer lambda$info$0
INFO: LEAVE_GAME
дек. 23, 2025 4:02:50 AM BattleShip.server.utils.LoggerServer lambda$info$0
INFO: LEAVE_GAME
дек. 23, 2025 4:02:50 AM BattleShip.server.utils.LoggerServer lambda$info$0
INFO: DISCONNECT
дек. 23, 2025 4:02:50 AM BattleShip.server.utils.LoggerServer lambda$info$0
INFO: CLIENT28d7ddcb DISCONNECTED
дек. 23, 2025 4:02:51 AM BattleShip.server.utils.LoggerServer lambda$info$0
INFO: DISCONNECT
дек. 23, 2025 4:02:51 AM BattleShip.server.utils.LoggerServer lambda$info$0
INFO: CLIENT8af20cd7 DISCONNECTED
дек. 23, 2025 4:03:16 AM BattleShip.server.utils.LoggerServer lambda$info$0
INFO: 
Завершение работы сервера...
дек. 23, 2025 4:28:57 AM BattleShip.server.utils.LoggerServer lambda$info$0
INFO: Сервер запущен на порту 12345
дек. 23, 2025 4:28:57 AM BattleShip.server.utils.LoggerServer lambda$info$0
INFO: Ожидание подключений клиентов...
дек. 23, 2025 4:29:39 AM BattleShip.server.utils.LoggerServer lambda$info$0
INFO: REGISTER:q
дек. 23, 2025 4:29:44 AM BattleShip.server.utils.LoggerServer lambda$info$0
INFO: 
Завершение работы сервера...
дек. 23, 2025 2:35:35 PM BattleShip.server.utils.LoggerServer lambda$info$0
INFO: Сервер запущен на порту 12345
дек. 23, 2025 2:35:35 PM BattleShip.server.utils.LoggerServer lambda$info$0
INFO: Ожидание подключений клиентов...
дек. 23, 2025 2:35:54 PM BattleShip.server.utils.LoggerServer lambda$info$0
INFO: REGISTER:q
дек. 23, 2025 2:36:04 PM BattleShip.server.utils.LoggerServer lambda$info$0
INFO: CREATE_GAME:Game1
дек. 23, 2025 2:36:18 PM BattleShip.server.utils.LoggerServer lambda$info$0
INFO: REGISTER:w
дек. 23, 2025 2:36:20 PM BattleShip.server.utils.LoggerServer lambda$info$0
INFO: LIST_GAMES
дек. 23, 2025 2:36:22 PM BattleShip.server.utils.LoggerServer lambda$info$0
INFO: JOIN_GAME:Game1
дек. 23, 2025 2:36:28 PM BattleShip.server.utils.LoggerServer lambda$info$0
INFO: SHIPS_PLACED:0,2,5,1;1,7,7,1;1,7,0,0;2,5,7,1;2,4,5,0;2,9,4,1;3,1,2,1;3,3,3,1;3,9,8,0;3,8,2,0;
дек. 23, 2025 2:36:31 PM BattleShip.server.utils.LoggerServer lambda$info$0
INFO: SHIPS_PLACED:0,0,2,1;1,5,1,1;1,5,6,0;2,2,4,0;2,5,8,1;2,7,8,1;3,9,2,1;3,1,9,1;3,2,7,1;3,9,9,1;
дек. 23, 2025 2:36:32 PM BattleShip.server.utils.LoggerServer lambda$info$0
INFO: READY
дек. 23, 2025 2:36:34 PM BattleShip.server.utils.LoggerServer lambda$info$0
INFO: READY
дек. 23, 2025 2:36:49 PM BattleShip.server.utils.LoggerServer lambda$info$0
INFO: SHOT:0:2
дек. 23, 2025 2:36:50 PM BattleShip.server.utils.LoggerServer lambda$info$0
INFO: SHOT:0:3
дек. 23, 2025 2:36:51 PM BattleShip.server.utils.LoggerServer lambda$info$0
INFO: SHOT:0:4
дек. 23, 2025 2:36:51 PM BattleShip.server.utils.LoggerServer lambda$info$0
INFO: SHOT:0:5
дек. 23, 2025 2:36:52 PM BattleShip.server.utils.LoggerServer lambda$info$0
INFO: SHOT:2:4
дек. 23, 2025 2:36:52 PM BattleShip.server.utils.LoggerServer lambda$info$0
INFO: SHOT:3:4
дек. 23, 2025 2:36:54 PM BattleShip.server.utils.LoggerServer lambda$info$0
INFO: SHOT:5:3
дек. 23, 2025 2:36:55 PM BattleShip.server.utils.LoggerServer lambda$info$0
INFO: SHOT:5:2
дек. 23, 2025 2:36:55 PM BattleShip.server.utils.LoggerServer lambda$info$0
INFO: SHOT:5:1
дек. 23, 2025 2:36:56 PM BattleShip.server.utils.LoggerServer lambda$info$0
INFO: SHOT:9:2
дек. 23, 2025 2:36:58 PM BattleShip.server.utils.LoggerServer lambda$info$0
INFO: SHOT:5:6
дек. 23, 2025 2:36:58 PM BattleShip.server.utils.LoggerServer lambda$info$0
INFO: SHOT:6:6
дек. 23, 2025 2:36:59 PM BattleShip.server.utils.LoggerServer lambda$info$0
INFO: SHOT:7:6
дек. 23, 2025 2:37:00 PM BattleShip.server.utils.LoggerServer lambda$info$0
INFO: SHOT:5:8
дек. 23, 2025 2:37:00 PM BattleShip.server.utils.LoggerServer lambda$info$0
INFO: SHOT:5:9
дек. 23, 2025 2:37:01 PM BattleShip.server.utils.LoggerServer lambda$info$0
INFO: SHOT:7:8
дек. 23, 2025 2:37:01 PM BattleShip.server.utils.LoggerServer lambda$info$0
INFO: SHOT:7:9
дек. 23, 2025 2:37:04 PM BattleShip.server.utils.LoggerServer lambda$info$0
INFO: SHOT:2:7
дек. 23, 2025 2:37:05 PM BattleShip.server.utils.LoggerServer lambda$info$0
INFO: SHOT:1:9
дек. 23, 2025 2:37:06 PM BattleShip.server.utils.LoggerServer lambda$info$0
INFO: SHOT:9:9
дек. 23, 2025 2:37:08 PM BattleShip.server.utils.LoggerServer lambda$info$0
INFO: LEAVE_GAME
дек. 23, 2025 2:37:08 PM BattleShip.server.utils.LoggerServer lambda$info$0
INFO: LEAVE_GAME
дек. 23, 2025 2:37:13 PM BattleShip.server.utils.LoggerServer lambda$info$0
INFO: DISCONNECT
дек. 23, 2025 2:37:13 PM BattleShip.server.utils.LoggerServer lambda$info$0
INFO: CLIENTb568d6c4 DISCONNECTED
дек. 23, 2025 2:37:13 PM BattleShip.server.utils.LoggerServer lambda$info$0
INFO: DISCONNECT
дек. 23, 2025 2:37:13 PM BattleShip.server.utils.LoggerServer lambda$info$0
INFO: CLIENTb279827c DISCONNECTED
дек. 23, 2025 2:37:17 PM BattleShip.server.utils.LoggerServer lambda$info$0
INFO: 
Завершение работы сервера...
дек. 23, 2025 2:43:32 PM BattleShip.server.utils.LoggerServer lambda$info$0
INFO: Сервер запущен на порту 12345
дек. 23, 2025 2:43:32 PM BattleShip.server.utils.LoggerServer lambda$info$0
INFO: Ожидание подключений клиентов...
дек. 23, 2025 2:43:41 PM BattleShip.server.utils.LoggerServer lambda$info$0
INFO: REGISTER:q
дек. 23, 2025 2:43:45 PM BattleShip.server.utils.LoggerServer lambda$info$0
INFO: CREATE_GAME:1111
дек. 23, 2025 2:43:53 PM BattleShip.server.utils.LoggerServer lambda$info$0
INFO: LEAVE_GAME
дек. 23, 2025 2:43:56 PM BattleShip.server.utils.LoggerServer lambda$info$0
INFO: CREATE_GAME:AI
дек. 23, 2025 2:49:01 PM BattleShip.server.utils.LoggerServer lambda$info$0
INFO: CLIENTd15c805c DISCONNECTED
дек. 23, 2025 2:49:02 PM BattleShip.server.utils.LoggerServer lambda$info$0
INFO: 
Завершение работы сервера...
дек. 23, 2025 2:49:21 PM BattleShip.server.utils.LoggerServer lambda$info$0
INFO: Сервер запущен на порту 12345
дек. 23, 2025 2:49:21 PM BattleShip.server.utils.LoggerServer lambda$info$0
INFO: Ожидание подключений клиентов...
дек. 23, 2025 2:49:27 PM BattleShip.server.utils.LoggerServer lambda$info$0
INFO: REGISTER:q
дек. 23, 2025 2:49:32 PM BattleShip.server.utils.LoggerServer lambda$info$0
INFO: CREATE_GAME:AI
дек. 23, 2025 2:49:57 PM BattleShip.server.utils.LoggerServer lambda$info$0
INFO: LEAVE_GAME
дек. 23, 2025 2:49:59 PM BattleShip.server.utils.LoggerServer lambda$info$0
INFO: DISCONNECT
дек. 23, 2025 2:49:59 PM BattleShip.server.utils.LoggerServer lambda$info$0
INFO: CLIENT1c243951 DISCONNECTED
дек. 23, 2025 2:54:44 PM BattleShip.server.utils.LoggerServer lambda$info$0
INFO: 
Завершение работы сервера...
дек. 23, 2025 3:36:28 PM BattleShip.server.utils.LoggerServer lambda$info$0
INFO: Сервер запущен на порту 12345
дек. 23, 2025 3:36:28 PM BattleShip.server.utils.LoggerServer lambda$info$0
INFO: Ожидание подключений клиентов...
дек. 23, 2025 3:36:37 PM BattleShip.server.utils.LoggerServer lambda$info$0
INFO: REGISTER:q
дек. 23, 2025 3:36:41 PM BattleShip.server.utils.LoggerServer lambda$info$0
INFO: CREATE_GAME:AI
дек. 23, 2025 3:37:00 PM BattleShip.server.utils.LoggerServer lambda$info$0
INFO: SHIPS_PLACED:0,6,9,0;1,2,7,0;1,6,3,0;2,0,9,0;2,6,6,0;2,9,0,1;3,0,2,0;3,4,0,1;3,4,2,0;3,6,1,1;
дек. 23, 2025 3:37:00 PM BattleShip.server.utils.LoggerServer lambda$info$0
INFO: READY
дек. 23, 2025 3:37:03 PM BattleShip.server.utils.LoggerServer lambda$info$0
INFO: SHOT:5:5
дек. 23, 2025 3:37:07 PM BattleShip.server.utils.LoggerServer lambda$info$0
INFO: SHOT:3:3
дек. 23, 2025 3:37:10 PM BattleShip.server.utils.LoggerServer lambda$info$0
INFO: SURRENDER:COMPUTER
дек. 23, 2025 3:37:12 PM BattleShip.server.utils.LoggerServer lambda$info$0
INFO: LEAVE_GAME
дек. 23, 2025 3:37:19 PM BattleShip.server.utils.LoggerServer lambda$info$0
INFO: REGISTER:w
дек. 23, 2025 3:37:25 PM BattleShip.server.utils.LoggerServer lambda$info$0
INFO: CREATE_GAME:1111
дек. 23, 2025 3:37:29 PM BattleShip.server.utils.LoggerServer lambda$info$0
INFO: LIST_GAMES
дек. 23, 2025 3:37:30 PM BattleShip.server.utils.LoggerServer lambda$info$0
INFO: JOIN_GAME:1111
дек. 23, 2025 3:37:38 PM BattleShip.server.utils.LoggerServer lambda$info$0
INFO: SHIPS_PLACED:0,0,6,0;1,5,3,1;1,0,1,1;2,1,9,0;2,4,8,1;2,7,6,1;3,2,3,0;3,8,2,1;3,9,0,0;3,9,7,1;
дек. 23, 2025 3:37:45 PM BattleShip.server.utils.LoggerServer lambda$info$0
INFO: SHIPS_PLACED:0,6,6,1;1,0,1,1;1,2,7,1;2,4,7,1;2,0,6,1;2,5,3,1;3,8,2,0;3,8,8,0;3,9,6,1;3,8,4,1;
дек. 23, 2025 3:37:46 PM BattleShip.server.utils.LoggerServer lambda$info$0
INFO: READY
дек. 23, 2025 3:37:48 PM BattleShip.server.utils.LoggerServer lambda$info$0
INFO: READY
дек. 23, 2025 3:38:08 PM BattleShip.server.utils.LoggerServer lambda$info$0
INFO: SHOT:0:1
дек. 23, 2025 3:38:09 PM BattleShip.server.utils.LoggerServer lambda$info$0
INFO: SHOT:0:2
дек. 23, 2025 3:38:10 PM BattleShip.server.utils.LoggerServer lambda$info$0
INFO: SHOT:0:3
дек. 23, 2025 3:38:11 PM BattleShip.server.utils.LoggerServer lambda$info$0
INFO: SHOT:3:2
дек. 23, 2025 3:38:15 PM BattleShip.server.utils.LoggerServer lambda$info$0
INFO: SHOT:9:0
дек. 23, 2025 3:38:17 PM BattleShip.server.utils.LoggerServer lambda$info$0
INFO: SHOT:0:1
дек. 23, 2025 3:38:17 PM BattleShip.server.utils.LoggerServer lambda$info$0
INFO: SHOT:0:2
дек. 23, 2025 3:38:18 PM BattleShip.server.utils.LoggerServer lambda$info$0
INFO: SHOT:3:2
дек. 23, 2025 3:38:26 PM BattleShip.server.utils.LoggerServer lambda$info$0
INFO: SURRENDER:w
дек. 23, 2025 3:38:27 PM BattleShip.server.utils.LoggerServer lambda$info$0
INFO: LIST_GAMES
дек. 23, 2025 3:38:30 PM BattleShip.server.utils.LoggerServer lambda$info$0
INFO: LIST_GAMES
дек. 23, 2025 3:38:43 PM BattleShip.server.utils.LoggerServer lambda$info$0
INFO: SHIPS_PLACED:0,1,3,0;1,5,9,0;1,9,1,1;2,5,0,0;2,5,5,1;2,1,6,1;3,7,6,0;3,3,7,0;3,2,1,1;3,9,8,1;
дек. 23, 2025 3:38:53 PM BattleShip.server.utils.LoggerServer lambda$info$0
INFO: SHIPS_PLACED:0,2,7,0;1,2,9,0;1,5,3,0;2,7,6,1;2,8,0,0;2,0,4,1;3,2,4,0;3,2,2,0;3,4,1,0;3,7,9,0;
дек. 23, 2025 3:38:53 PM BattleShip.server.utils.LoggerServer lambda$info$0
INFO: READY
дек. 23, 2025 3:38:55 PM BattleShip.server.utils.LoggerServer lambda$info$0
INFO: READY
дек. 23, 2025 3:39:41 PM BattleShip.server.utils.LoggerServer lambda$info$0
INFO: SURRENDER:q
дек. 23, 2025 3:39:42 PM BattleShip.server.utils.LoggerServer lambda$info$0
INFO: LEAVE_GAME
дек. 23, 2025 3:39:44 PM BattleShip.server.utils.LoggerServer lambda$info$0
INFO: DISCONNECT
дек. 23, 2025 3:39:44 PM BattleShip.server.utils.LoggerServer lambda$info$0
INFO: CLIENTe7deabf2 DISCONNECTED
дек. 23, 2025 3:39:45 PM BattleShip.server.utils.LoggerServer lambda$info$0
INFO: LEAVE_GAME
дек. 23, 2025 3:39:46 PM BattleShip.server.utils.LoggerServer lambda$info$0
INFO: DISCONNECT
дек. 23, 2025 3:39:46 PM BattleShip.server.utils.LoggerServer lambda$info$0
INFO: CLIENTad9a5d98 DISCONNECTED
дек. 23, 2025 3:59:17 PM BattleShip.server.utils.LoggerServer lambda$info$0
INFO: Сервер запущен на порту 12345
дек. 23, 2025 3:59:17 PM BattleShip.server.utils.LoggerServer lambda$info$0
INFO: Ожидание подключений клиентов...
дек. 23, 2025 3:59:24 PM BattleShip.server.utils.LoggerServer lambda$info$0
INFO: REGISTER:q
дек. 23, 2025 3:59:29 PM BattleShip.server.utils.LoggerServer lambda$info$0
INFO: CREATE_GAME:1111
дек. 23, 2025 3:59:33 PM BattleShip.server.utils.LoggerServer lambda$info$0
INFO: SHIPS_PLACED:0,0,7,0;1,3,1,1;1,8,0,1;2,6,0,1;2,7,9,0;2,1,3,1;3,5,9,0;3,7,5,0;3,2,9,0;3,1,1,1;
дек. 23, 2025 3:59:41 PM BattleShip.server.utils.LoggerServer lambda$info$0
INFO: REGISTER:w
дек. 23, 2025 3:59:43 PM BattleShip.server.utils.LoggerServer lambda$info$0
INFO: LIST_GAMES
дек. 23, 2025 3:59:44 PM BattleShip.server.utils.LoggerServer lambda$info$0
INFO: JOIN_GAME:1111
дек. 23, 2025 3:59:48 PM BattleShip.server.utils.LoggerServer lambda$info$0
INFO: SHIPS_PLACED:0,0,3,0;1,7,3,0;1,7,5,1;2,4,0,1;2,9,7,1;2,5,8,1;3,2,1,0;3,9,1,1;3,0,8,0;3,4,6,1;
дек. 23, 2025 3:59:49 PM BattleShip.server.utils.LoggerServer lambda$info$0
INFO: READY
дек. 23, 2025 3:59:52 PM BattleShip.server.utils.LoggerServer lambda$info$0
INFO: READY
дек. 23, 2025 4:00:11 PM BattleShip.server.utils.LoggerServer lambda$info$0
INFO: SURRENDER:w
дек. 23, 2025 4:00:12 PM BattleShip.server.utils.LoggerServer lambda$info$0
INFO: LEAVE_GAME
дек. 23, 2025 4:00:12 PM BattleShip.server.utils.LoggerServer lambda$info$0
INFO: LEAVE_GAME
дек. 23, 2025 4:00:16 PM BattleShip.server.utils.LoggerServer lambda$info$0
INFO: DISCONNECT
дек. 23, 2025 4:00:16 PM BattleShip.server.utils.LoggerServer lambda$info$0
INFO: CLIENT50dd3a46 DISCONNECTED
дек. 23, 2025 4:00:16 PM BattleShip.server.utils.LoggerServer lambda$info$0
INFO: DISCONNECT
дек. 23, 2025 4:00:16 PM BattleShip.server.utils.LoggerServer lambda$info$0
INFO: CLIENT72f5c493 DISCONNECTED
дек. 23, 2025 4:03:57 PM BattleShip.server.utils.LoggerServer lambda$info$0
INFO: Сервер запущен на порту 12345
дек. 23, 2025 4:03:58 PM BattleShip.server.utils.LoggerServer lambda$info$0
INFO: Ожидание подключений клиентов...
дек. 23, 2025 4:04:08 PM BattleShip.server.utils.LoggerServer lambda$info$0
INFO: REGISTER:q
дек. 23, 2025 4:04:12 PM BattleShip.server.utils.LoggerServer lambda$info$0
INFO: CREATE_GAME:1111
дек. 23, 2025 4:04:15 PM BattleShip.server.utils.LoggerServer lambda$info$0
INFO: SHIPS_PLACED:0,0,0,1;1,2,5,0;1,6,6,1;2,0,8,1;2,6,3,1;2,4,7,1;3,3,3,0;3,4,1,1;3,8,7,1;3,8,0,0;
дек. 23, 2025 4:04:22 PM BattleShip.server.utils.LoggerServer lambda$info$0
INFO: REGISTER:w
дек. 23, 2025 4:04:25 PM BattleShip.server.utils.LoggerServer lambda$info$0
INFO: LIST_GAMES
дек. 23, 2025 4:04:26 PM BattleShip.server.utils.LoggerServer lambda$info$0
INFO: JOIN_GAME:1111
дек. 23, 2025 4:04:29 PM BattleShip.server.utils.LoggerServer lambda$info$0
INFO: SHIPS_PLACED:0,6,3,1;1,2,9,0;1,8,7,1;2,1,0,0;2,8,1,0;2,0,2,0;3,3,5,0;3,0,5,0;3,6,1,0;3,0,7,0;
дек. 23, 2025 4:04:30 PM BattleShip.server.utils.LoggerServer lambda$info$0
INFO: READY
дек. 23, 2025 4:04:33 PM BattleShip.server.utils.LoggerServer lambda$info$0
INFO: READY
дек. 23, 2025 4:05:16 PM BattleShip.server.utils.LoggerServer lambda$info$0
INFO: SHOT:2:2
дек. 23, 2025 4:05:25 PM BattleShip.server.utils.LoggerServer lambda$info$0
INFO: SHOT:6:3
дек. 23, 2025 4:06:50 PM BattleShip.server.utils.LoggerServer lambda$info$0
INFO: SHOT:2:2
дек. 23, 2025 4:14:50 PM BattleShip.server.utils.LoggerServer lambda$info$0
INFO: 
Завершение работы сервера...
дек. 23, 2025 4:18:39 PM BattleShip.server.utils.LoggerServer lambda$info$0
INFO: Сервер запущен на порту 12345
дек. 23, 2025 4:18:39 PM BattleShip.server.utils.LoggerServer lambda$info$0
INFO: Ожидание подключений клиентов...
дек. 23, 2025 4:18:45 PM BattleShip.server.utils.LoggerServer lambda$info$0
INFO: REGISTER:q
дек. 23, 2025 4:18:48 PM BattleShip.server.utils.LoggerServer lambda$info$0
INFO: CREATE_GAME:1111
дек. 23, 2025 4:18:52 PM BattleShip.server.utils.LoggerServer lambda$info$0
INFO: SHIPS_PLACED:0,5,8,0;1,7,0,0;1,3,1,1;2,6,2,0;2,2,9,0;2,8,4,1;3,5,0,0;3,1,7,1;3,3,6,1;3,6,6,0;
дек. 23, 2025 4:19:00 PM BattleShip.server.utils.LoggerServer lambda$info$0
INFO: REGISTER:w
дек. 23, 2025 4:19:02 PM BattleShip.server.utils.LoggerServer lambda$info$0
INFO: LIST_GAMES
дек. 23, 2025 4:19:02 PM BattleShip.server.utils.LoggerServer lambda$info$0
INFO: JOIN_GAME:1111
дек. 23, 2025 4:19:06 PM BattleShip.server.utils.LoggerServer lambda$info$0
INFO: SHIPS_PLACED:0,6,1,1;1,4,2,1;1,0,4,0;2,4,6,1;2,3,0,0;2,9,3,1;3,9,1,0;3,1,6,1;3,1,8,1;3,8,6,0;
дек. 23, 2025 4:19:07 PM BattleShip.server.utils.LoggerServer lambda$info$0
INFO: READY
дек. 23, 2025 4:19:09 PM BattleShip.server.utils.LoggerServer lambda$info$0
INFO: READY
дек. 23, 2025 4:19:22 PM BattleShip.server.utils.LoggerServer lambda$info$0
INFO: SHOT:3:0
дек. 23, 2025 4:19:24 PM BattleShip.server.utils.LoggerServer lambda$info$0
INFO: SHOT:4:0
дек. 23, 2025 4:19:25 PM BattleShip.server.utils.LoggerServer lambda$info$0
INFO: SHOT:4:2
дек. 23, 2025 4:19:26 PM BattleShip.server.utils.LoggerServer lambda$info$0
INFO: SHOT:4:3
дек. 23, 2025 4:19:26 PM BattleShip.server.utils.LoggerServer lambda$info$0
INFO: SHOT:4:4
дек. 23, 2025 4:19:27 PM BattleShip.server.utils.LoggerServer lambda$info$0
INFO: SHOT:4:5
дек. 23, 2025 4:19:34 PM BattleShip.server.utils.LoggerServer lambda$info$0
INFO: SHOT:5:0
дек. 23, 2025 4:19:35 PM BattleShip.server.utils.LoggerServer lambda$info$0
INFO: SHOT:7:0
дек. 23, 2025 4:19:36 PM BattleShip.server.utils.LoggerServer lambda$info$0
INFO: SHOT:8:0
дек. 23, 2025 4:19:36 PM BattleShip.server.utils.LoggerServer lambda$info$0
INFO: SHOT:9:0
дек. 23, 2025 4:19:37 PM BattleShip.server.utils.LoggerServer lambda$info$0
INFO: SHOT:6:2
дек. 23, 2025 4:19:40 PM BattleShip.server.utils.LoggerServer lambda$info$0
INFO: SHOT:7:2
дек. 23, 2025 4:19:41 PM BattleShip.server.utils.LoggerServer lambda$info$0
INFO: SHOT:8:2
дек. 23, 2025 4:19:43 PM BattleShip.server.utils.LoggerServer lambda$info$0
INFO: SHOT:1:5
дек. 23, 2025 4:20:02 PM BattleShip.server.utils.LoggerServer lambda$info$0
INFO: SHOT:3:1
дек. 23, 2025 4:20:06 PM BattleShip.server.utils.LoggerServer lambda$info$0
INFO: SHOT:3:2
дек. 23, 2025 4:20:07 PM BattleShip.server.utils.LoggerServer lambda$info$0
INFO: SHOT:3:3
дек. 23, 2025 4:20:14 PM BattleShip.server.utils.LoggerServer lambda$info$0
INFO: SHOT:5:4
дек. 23, 2025 4:20:18 PM BattleShip.server.utils.LoggerServer lambda$info$0
INFO: SURRENDER:q
дек. 23, 2025 4:20:20 PM BattleShip.server.utils.LoggerServer lambda$info$0
INFO: LEAVE_GAME
дек. 23, 2025 4:20:22 PM BattleShip.server.utils.LoggerServer lambda$info$0
INFO: LEAVE_GAME
дек. 23, 2025 4:20:26 PM BattleShip.server.utils.LoggerServer lambda$info$0
INFO: DISCONNECT
дек. 23, 2025 4:20:26 PM BattleShip.server.utils.LoggerServer lambda$info$0
INFO: CLIENT8ce5be78 DISCONNECTED
дек. 23, 2025 4:20:27 PM BattleShip.server.utils.LoggerServer lambda$info$0
INFO: CREATE_GAME:AI
дек. 23, 2025 4:20:31 PM BattleShip.server.utils.LoggerServer lambda$info$0
INFO: SHIPS_PLACED:0,1,2,0;1,7,5,1;1,9,3,1;2,3,9,0;2,2,0,0;2,1,8,1;3,0,0,1;3,5,5,0;3,9,7,1;3,2,4,1;
дек. 23, 2025 4:20:31 PM BattleShip.server.utils.LoggerServer lambda$info$0
INFO: READY
дек. 23, 2025 4:20:33 PM BattleShip.server.utils.LoggerServer lambda$info$0
INFO: SHOT:5:4
дек. 23, 2025 4:20:34 PM BattleShip.server.utils.LoggerServer lambda$info$0
INFO: SHOT:6:4
дек. 23, 2025 4:20:37 PM BattleShip.server.utils.LoggerServer lambda$info$0
INFO: SHOT:4:6
дек. 23, 2025 4:20:46 PM BattleShip.server.utils.LoggerServer lambda$info$0
INFO: SURRENDER:COMPUTER
дек. 23, 2025 4:20:47 PM BattleShip.server.utils.LoggerServer lambda$info$0
INFO: LEAVE_GAME
дек. 23, 2025 4:20:47 PM BattleShip.server.utils.LoggerServer lambda$info$0
INFO: DISCONNECT
дек. 23, 2025 4:20:47 PM BattleShip.server.utils.LoggerServer lambda$info$0
INFO: CLIENT3f5538b3 DISCONNECTED
дек. 23, 2025 4:20:49 PM BattleShip.server.utils.LoggerServer lambda$info$0
INFO: 
Завершение работы сервера...
дек. 23, 2025 4:27:25 PM BattleShip.server.utils.LoggerServer lambda$info$0
INFO: Сервер запущен на порту 12345
дек. 23, 2025 4:27:25 PM BattleShip.server.utils.LoggerServer lambda$info$0
INFO: Ожидание подключений клиентов...
дек. 23, 2025 4:27:34 PM BattleShip.server.utils.LoggerServer lambda$info$0
INFO: REGISTER:q
дек. 23, 2025 4:27:36 PM BattleShip.server.utils.LoggerServer lambda$info$0
INFO: CREATE_GAME:AI
дек. 23, 2025 4:27:39 PM BattleShip.server.utils.LoggerServer lambda$info$0
INFO: SHIPS_PLACED:0,1,6,1;1,9,6,1;1,3,1,0;2,1,3,1;2,8,0,0;2,6,4,0;3,9,2,1;3,0,0,1;3,4,4,0;3,7,2,1;
дек. 23, 2025 4:27:39 PM BattleShip.server.utils.LoggerServer lambda$info$0
INFO: READY
дек. 23, 2025 4:27:40 PM BattleShip.server.utils.LoggerServer lambda$info$0
INFO: SHOT:3:6
дек. 23, 2025 4:27:46 PM BattleShip.server.utils.LoggerServer lambda$info$0
INFO: SHOT:5:3
дек. 23, 2025 4:27:47 PM BattleShip.server.utils.LoggerServer lambda$info$0
INFO: SHOT:2:0
дек. 23, 2025 4:27:51 PM BattleShip.server.utils.LoggerServer lambda$info$0
INFO: SURRENDER:COMPUTER
дек. 23, 2025 4:27:53 PM BattleShip.server.utils.LoggerServer lambda$info$0
INFO: LEAVE_GAME
дек. 23, 2025 4:27:54 PM BattleShip.server.utils.LoggerServer lambda$info$0
INFO: DISCONNECT
дек. 23, 2025 4:27:54 PM BattleShip.server.utils.LoggerServer lambda$info$0
INFO: CLIENT48bfac97 DISCONNECTED
дек. 23, 2025 4:27:57 PM BattleShip.server.utils.LoggerServer lambda$info$0
INFO: 
Завершение работы сервера...
дек. 23, 2025 4:35:14 PM BattleShip.server.utils.LoggerServer lambda$info$0
INFO: Сервер запущен на порту 12345
дек. 23, 2025 4:35:14 PM BattleShip.server.utils.LoggerServer lambda$info$0
INFO: Ожидание подключений клиентов...
дек. 23, 2025 4:35:25 PM BattleShip.server.utils.LoggerServer lambda$info$0
INFO: REGISTER:q
дек. 23, 2025 4:35:27 PM BattleShip.server.utils.LoggerServer lambda$info$0
INFO: LIST_GAMES
дек. 23, 2025 4:35:29 PM BattleShip.server.utils.LoggerServer lambda$info$0
INFO: DISCONNECT
дек. 23, 2025 4:35:29 PM BattleShip.server.utils.LoggerServer lambda$info$0
INFO: CLIENTeda2848a DISCONNECTED
дек. 23, 2025 4:35:32 PM BattleShip.server.utils.LoggerServer lambda$info$0
INFO: 
Завершение работы сервера...
